  [1m[35m (16.3ms)[0m  [1m[35mCREATE TABLE "schema_migrations" ("version" character varying NOT NULL PRIMARY KEY)[0m
  ↳ bin/rails:9
  [1m[35m (3.9ms)[0m  [1m[35mCREATE TABLE "ar_internal_metadata" ("key" character varying NOT NULL PRIMARY KEY, "value" character varying, "created_at" timestamp NOT NULL, "updated_at" timestamp NOT NULL)[0m
  ↳ bin/rails:9
  [1m[35m (0.5ms)[0m  [1m[34mSELECT pg_try_advisory_lock(372903447937791960)[0m
  ↳ bin/rails:9
  [1m[35m (0.9ms)[0m  [1m[34mSELECT "schema_migrations"."version" FROM "schema_migrations" ORDER BY "schema_migrations"."version" ASC[0m
  ↳ bin/rails:9
Migrating to DeviseCreateUsers (20180524154509)
  [1m[35m (0.3ms)[0m  [1m[35mBEGIN[0m
  ↳ bin/rails:9
  [1m[35m (5.5ms)[0m  [1m[35mCREATE TABLE "users" ("id" bigserial primary key, "first_name" character varying DEFAULT '' NOT NULL, "last_name" character varying DEFAULT '' NOT NULL, "email" character varying DEFAULT '' NOT NULL, "encrypted_password" character varying DEFAULT '' NOT NULL, "reset_password_token" character varying, "reset_password_sent_at" timestamp, "remember_created_at" timestamp, "sign_in_count" integer DEFAULT 0 NOT NULL, "current_sign_in_at" timestamp, "last_sign_in_at" timestamp, "current_sign_in_ip" inet, "last_sign_in_ip" inet, "created_at" timestamp NOT NULL, "updated_at" timestamp NOT NULL)[0m
  ↳ db/migrate/20180524154509_devise_create_users.rb:5
  [1m[35m (1.0ms)[0m  [1m[35mCREATE UNIQUE INDEX  "index_users_on_email" ON "users"  ("email")[0m
  ↳ db/migrate/20180524154509_devise_create_users.rb:41
  [1m[35m (1.0ms)[0m  [1m[35mCREATE UNIQUE INDEX  "index_users_on_reset_password_token" ON "users"  ("reset_password_token")[0m
  ↳ db/migrate/20180524154509_devise_create_users.rb:42
  [1m[36mActiveRecord::SchemaMigration Create (0.9ms)[0m  [1m[32mINSERT INTO "schema_migrations" ("version") VALUES ($1) RETURNING "version"[0m  [["version", "20180524154509"]]
  ↳ bin/rails:9
  [1m[35m (0.5ms)[0m  [1m[35mCOMMIT[0m
  ↳ bin/rails:9
Migrating to CreatePosts (20180525141639)
  [1m[35m (0.3ms)[0m  [1m[35mBEGIN[0m
  ↳ bin/rails:9
  [1m[35m (6.3ms)[0m  [1m[35mCREATE TABLE "posts" ("id" bigserial primary key, "content" text, "user_id" bigint, "created_at" timestamp NOT NULL, "updated_at" timestamp NOT NULL, CONSTRAINT "fk_rails_5b5ddfd518"
FOREIGN KEY ("user_id")
  REFERENCES "users" ("id")
)[0m
  ↳ db/migrate/20180525141639_create_posts.rb:3
  [1m[35m (1.8ms)[0m  [1m[35mCREATE  INDEX  "index_posts_on_user_id" ON "posts"  ("user_id")[0m
  ↳ db/migrate/20180525141639_create_posts.rb:3
  [1m[36mActiveRecord::SchemaMigration Create (0.5ms)[0m  [1m[32mINSERT INTO "schema_migrations" ("version") VALUES ($1) RETURNING "version"[0m  [["version", "20180525141639"]]
  ↳ bin/rails:9
  [1m[35m (0.6ms)[0m  [1m[35mCOMMIT[0m
  ↳ bin/rails:9
Migrating to AddPaperclipFieldsToPost (20180528143434)
  [1m[35m (0.8ms)[0m  [1m[35mBEGIN[0m
  ↳ bin/rails:9
  [1m[35m (0.6ms)[0m  [1m[35mALTER TABLE "posts" ADD "image_file_name" character varying[0m
  ↳ db/migrate/20180528143434_add_paperclip_fields_to_post.rb:3
  [1m[35m (0.4ms)[0m  [1m[35mALTER TABLE "posts" ADD "image_content_type" character varying[0m
  ↳ db/migrate/20180528143434_add_paperclip_fields_to_post.rb:4
  [1m[35m (0.4ms)[0m  [1m[35mALTER TABLE "posts" ADD "image_file_size" integer[0m
  ↳ db/migrate/20180528143434_add_paperclip_fields_to_post.rb:5
  [1m[35m (0.3ms)[0m  [1m[35mALTER TABLE "posts" ADD "image_updated_at" timestamp[0m
  ↳ db/migrate/20180528143434_add_paperclip_fields_to_post.rb:6
  [1m[36mActiveRecord::SchemaMigration Create (0.3ms)[0m  [1m[32mINSERT INTO "schema_migrations" ("version") VALUES ($1) RETURNING "version"[0m  [["version", "20180528143434"]]
  ↳ bin/rails:9
  [1m[35m (0.4ms)[0m  [1m[35mCOMMIT[0m
  ↳ bin/rails:9
Migrating to CreateComments (20180528152421)
  [1m[35m (0.2ms)[0m  [1m[35mBEGIN[0m
  ↳ bin/rails:9
  [1m[35m (4.8ms)[0m  [1m[35mCREATE TABLE "comments" ("id" bigserial primary key, "content" text, "user_id" bigint, "post_id" bigint, "created_at" timestamp NOT NULL, "updated_at" timestamp NOT NULL, CONSTRAINT "fk_rails_03de2dc08c"
FOREIGN KEY ("user_id")
  REFERENCES "users" ("id")
, CONSTRAINT "fk_rails_2fd19c0db7"
FOREIGN KEY ("post_id")
  REFERENCES "posts" ("id")
)[0m
  ↳ db/migrate/20180528152421_create_comments.rb:3
  [1m[35m (1.3ms)[0m  [1m[35mCREATE  INDEX  "index_comments_on_user_id" ON "comments"  ("user_id")[0m
  ↳ db/migrate/20180528152421_create_comments.rb:3
  [1m[35m (1.0ms)[0m  [1m[35mCREATE  INDEX  "index_comments_on_post_id" ON "comments"  ("post_id")[0m
  ↳ db/migrate/20180528152421_create_comments.rb:3
  [1m[36mActiveRecord::SchemaMigration Create (0.4ms)[0m  [1m[32mINSERT INTO "schema_migrations" ("version") VALUES ($1) RETURNING "version"[0m  [["version", "20180528152421"]]
  ↳ bin/rails:9
  [1m[35m (0.5ms)[0m  [1m[35mCOMMIT[0m
  ↳ bin/rails:9
Migrating to CreateLikes (20180528160659)
  [1m[35m (0.4ms)[0m  [1m[35mBEGIN[0m
  ↳ bin/rails:9
  [1m[35m (2.3ms)[0m  [1m[35mCREATE TABLE "likes" ("id" bigserial primary key, "user_id" bigint, "post_id" bigint, "created_at" timestamp NOT NULL, "updated_at" timestamp NOT NULL, CONSTRAINT "fk_rails_1e09b5dabf"
FOREIGN KEY ("user_id")
  REFERENCES "users" ("id")
, CONSTRAINT "fk_rails_87a8aac469"
FOREIGN KEY ("post_id")
  REFERENCES "posts" ("id")
)[0m
  ↳ db/migrate/20180528160659_create_likes.rb:3
  [1m[35m (1.1ms)[0m  [1m[35mCREATE  INDEX  "index_likes_on_user_id" ON "likes"  ("user_id")[0m
  ↳ db/migrate/20180528160659_create_likes.rb:3
  [1m[35m (1.7ms)[0m  [1m[35mCREATE  INDEX  "index_likes_on_post_id" ON "likes"  ("post_id")[0m
  ↳ db/migrate/20180528160659_create_likes.rb:3
  [1m[36mActiveRecord::SchemaMigration Create (0.4ms)[0m  [1m[32mINSERT INTO "schema_migrations" ("version") VALUES ($1) RETURNING "version"[0m  [["version", "20180528160659"]]
  ↳ bin/rails:9
  [1m[35m (0.6ms)[0m  [1m[35mCOMMIT[0m
  ↳ bin/rails:9
Migrating to AddUniqueIndexToLikes (20180529154453)
  [1m[35m (0.5ms)[0m  [1m[35mBEGIN[0m
  ↳ bin/rails:9
  [1m[35m (1.0ms)[0m  [1m[35mCREATE UNIQUE INDEX  "index_likes_on_user_id_and_post_id" ON "likes"  ("user_id", "post_id")[0m
  ↳ db/migrate/20180529154453_add_unique_index_to_likes.rb:3
  [1m[36mActiveRecord::SchemaMigration Create (0.3ms)[0m  [1m[32mINSERT INTO "schema_migrations" ("version") VALUES ($1) RETURNING "version"[0m  [["version", "20180529154453"]]
  ↳ bin/rails:9
  [1m[35m (0.4ms)[0m  [1m[35mCOMMIT[0m
  ↳ bin/rails:9
Migrating to CreateProfiles (20180529180046)
  [1m[35m (0.3ms)[0m  [1m[35mBEGIN[0m
  ↳ bin/rails:9
  [1m[35m (3.3ms)[0m  [1m[35mCREATE TABLE "profiles" ("id" bigserial primary key, "user_id" bigint, "location" character varying, "birthday" date, "gender" character varying, "bio" text, "avatar_file_name" character varying, "avatar_content_type" character varying, "avatar_file_size" integer, "avatar_updated_at" timestamp, "created_at" timestamp NOT NULL, "updated_at" timestamp NOT NULL, CONSTRAINT "fk_rails_e424190865"
FOREIGN KEY ("user_id")
  REFERENCES "users" ("id")
)[0m
  ↳ db/migrate/20180529180046_create_profiles.rb:3
  [1m[35m (1.0ms)[0m  [1m[35mCREATE  INDEX  "index_profiles_on_user_id" ON "profiles"  ("user_id")[0m
  ↳ db/migrate/20180529180046_create_profiles.rb:3
  [1m[36mActiveRecord::SchemaMigration Create (0.5ms)[0m  [1m[32mINSERT INTO "schema_migrations" ("version") VALUES ($1) RETURNING "version"[0m  [["version", "20180529180046"]]
  ↳ bin/rails:9
  [1m[35m (0.5ms)[0m  [1m[35mCOMMIT[0m
  ↳ bin/rails:9
Migrating to AddOmniauthToUsers (20180530161916)
  [1m[35m (0.3ms)[0m  [1m[35mBEGIN[0m
  ↳ bin/rails:9
  [1m[35m (0.4ms)[0m  [1m[35mALTER TABLE "users" ADD "provider" character varying[0m
  ↳ db/migrate/20180530161916_add_omniauth_to_users.rb:3
  [1m[35m (0.3ms)[0m  [1m[35mALTER TABLE "users" ADD "uid" character varying[0m
  ↳ db/migrate/20180530161916_add_omniauth_to_users.rb:4
  [1m[35m (0.3ms)[0m  [1m[35mALTER TABLE "users" ADD "name" character varying[0m
  ↳ db/migrate/20180530161916_add_omniauth_to_users.rb:5
  [1m[35m (0.4ms)[0m  [1m[35mALTER TABLE "users" ADD "image" text[0m
  ↳ db/migrate/20180530161916_add_omniauth_to_users.rb:6
  [1m[36mActiveRecord::SchemaMigration Create (0.3ms)[0m  [1m[32mINSERT INTO "schema_migrations" ("version") VALUES ($1) RETURNING "version"[0m  [["version", "20180530161916"]]
  ↳ bin/rails:9
  [1m[35m (0.4ms)[0m  [1m[35mCOMMIT[0m
  ↳ bin/rails:9
Migrating to CreateRequests (20180530202325)
  [1m[35m (0.2ms)[0m  [1m[35mBEGIN[0m
  ↳ bin/rails:9
  [1m[35m (2.5ms)[0m  [1m[35mCREATE TABLE "requests" ("id" bigserial primary key, "requester_id" integer, "requestee_id" integer, "accepted" integer, "created_at" timestamp NOT NULL, "updated_at" timestamp NOT NULL)[0m
  ↳ db/migrate/20180530202325_create_requests.rb:3
  [1m[35m (0.9ms)[0m  [1m[35mCREATE  INDEX  "index_requests_on_requester_id" ON "requests"  ("requester_id")[0m
  ↳ db/migrate/20180530202325_create_requests.rb:3
  [1m[35m (1.4ms)[0m  [1m[35mCREATE  INDEX  "index_requests_on_requestee_id" ON "requests"  ("requestee_id")[0m
  ↳ db/migrate/20180530202325_create_requests.rb:3
  [1m[36mActiveRecord::SchemaMigration Create (0.6ms)[0m  [1m[32mINSERT INTO "schema_migrations" ("version") VALUES ($1) RETURNING "version"[0m  [["version", "20180530202325"]]
  ↳ bin/rails:9
  [1m[35m (1.0ms)[0m  [1m[35mCOMMIT[0m
  ↳ bin/rails:9
Migrating to AddDefaultValueToRequestAcceptedColumn (20180531131207)
  [1m[35m (0.7ms)[0m  [1m[35mBEGIN[0m
  ↳ bin/rails:9
  [1m[35m (0.7ms)[0m  [1m[35mALTER TABLE "requests" ALTER COLUMN "accepted" TYPE integer, ALTER COLUMN "accepted" SET DEFAULT 0[0m
  ↳ db/migrate/20180531131207_add_default_value_to_request_accepted_column.rb:3
  [1m[36mActiveRecord::SchemaMigration Create (0.7ms)[0m  [1m[32mINSERT INTO "schema_migrations" ("version") VALUES ($1) RETURNING "version"[0m  [["version", "20180531131207"]]
  ↳ bin/rails:9
  [1m[35m (0.7ms)[0m  [1m[35mCOMMIT[0m
  ↳ bin/rails:9
Migrating to AddCoverphotoFieldsToProfile (20180604200723)
  [1m[35m (0.3ms)[0m  [1m[35mBEGIN[0m
  ↳ bin/rails:9
  [1m[35m (0.6ms)[0m  [1m[35mALTER TABLE "profiles" ADD "cover_file_name" character varying[0m
  ↳ db/migrate/20180604200723_add_coverphoto_fields_to_profile.rb:3
  [1m[35m (0.8ms)[0m  [1m[35mALTER TABLE "profiles" ADD "cover_content_type" character varying[0m
  ↳ db/migrate/20180604200723_add_coverphoto_fields_to_profile.rb:4
  [1m[35m (0.3ms)[0m  [1m[35mALTER TABLE "profiles" ADD "cover_file_size" integer[0m
  ↳ db/migrate/20180604200723_add_coverphoto_fields_to_profile.rb:5
  [1m[35m (0.3ms)[0m  [1m[35mALTER TABLE "profiles" ADD "cover_updated_at" timestamp[0m
  ↳ db/migrate/20180604200723_add_coverphoto_fields_to_profile.rb:6
  [1m[36mActiveRecord::SchemaMigration Create (0.3ms)[0m  [1m[32mINSERT INTO "schema_migrations" ("version") VALUES ($1) RETURNING "version"[0m  [["version", "20180604200723"]]
  ↳ bin/rails:9
  [1m[35m (0.4ms)[0m  [1m[35mCOMMIT[0m
  ↳ bin/rails:9
  [1m[36mActiveRecord::InternalMetadata Load (0.6ms)[0m  [1m[34mSELECT  "ar_internal_metadata".* FROM "ar_internal_metadata" WHERE "ar_internal_metadata"."key" = $1 LIMIT $2[0m  [["key", "environment"], ["LIMIT", 1]]
  ↳ bin/rails:9
  [1m[35m (0.3ms)[0m  [1m[35mBEGIN[0m
  ↳ bin/rails:9
  [1m[36mActiveRecord::InternalMetadata Create (0.6ms)[0m  [1m[32mINSERT INTO "ar_internal_metadata" ("key", "value", "created_at", "updated_at") VALUES ($1, $2, $3, $4) RETURNING "key"[0m  [["key", "environment"], ["value", "development"], ["created_at", "2019-11-17 03:06:16.320704"], ["updated_at", "2019-11-17 03:06:16.320704"]]
  ↳ bin/rails:9
  [1m[35m (0.4ms)[0m  [1m[35mCOMMIT[0m
  ↳ bin/rails:9
  [1m[35m (0.3ms)[0m  [1m[34mSELECT pg_advisory_unlock(372903447937791960)[0m
  ↳ bin/rails:9
  [1m[35m (0.4ms)[0m  [1m[34mSELECT "schema_migrations"."version" FROM "schema_migrations" ORDER BY "schema_migrations"."version" ASC[0m
  ↳ bin/rails:9
Started GET "/" for 127.0.0.1 at 2019-11-17 11:07:37 +0800
  [1m[35m (0.7ms)[0m  [1m[34mSELECT "schema_migrations"."version" FROM "schema_migrations" ORDER BY "schema_migrations"."version" ASC[0m
  ↳ /Users/apple/.rvm/gems/ruby-2.3.1/gems/activerecord-5.2.0/lib/active_record/log_subscriber.rb:98
Processing by PostsController#index as HTML
Completed 401 Unauthorized in 25ms (ActiveRecord: 0.0ms)


Started GET "/users/sign_in" for 127.0.0.1 at 2019-11-17 11:07:37 +0800
Processing by Devise::SessionsController#new as HTML
  Rendering devise/sessions/new.html.erb within layouts/application
  Rendered devise/sessions/new.html.erb within layouts/application (18.3ms)
Completed 200 OK in 1891ms (Views: 1864.0ms | ActiveRecord: 4.3ms)


Started GET "/users/sign_in" for 127.0.0.1 at 2019-11-17 11:07:43 +0800
Processing by Devise::SessionsController#new as HTML
  Rendering devise/sessions/new.html.erb within layouts/application
  Rendered devise/sessions/new.html.erb within layouts/application (2.8ms)
Completed 200 OK in 80ms (Views: 77.4ms | ActiveRecord: 0.0ms)


Started GET "/users/sign_up" for 127.0.0.1 at 2019-11-17 11:07:55 +0800
Processing by Devise::RegistrationsController#new as HTML
  Rendering devise/registrations/new.html.erb within layouts/application
  Rendered devise/registrations/new.html.erb within layouts/application (3.5ms)
Completed 200 OK in 76ms (Views: 73.8ms | ActiveRecord: 0.0ms)


Started POST "/users" for 127.0.0.1 at 2019-11-17 11:08:08 +0800
Processing by Devise::RegistrationsController#create as HTML
  Parameters: {"utf8"=>"✓", "authenticity_token"=>"lzcSJsOO07Lij25Fpb5uJl/HtTaDHJ5XrVtneaBBHaloQ0xwIR/3mOiZcfCF/LANOtMbjkAmdYlunGDMzg2qtA==", "user"=>{"first_name"=>"Picard", "last_name"=>"Xie", "email"=>"510297127@qq.com", "password"=>"[FILTERED]", "password_confirmation"=>"[FILTERED]"}, "commit"=>"Sign up"}
  [1m[35m (0.3ms)[0m  [1m[35mBEGIN[0m
  ↳ /Users/apple/.rvm/gems/ruby-2.3.1/gems/activerecord-5.2.0/lib/active_record/log_subscriber.rb:98
  [1m[36mUser Exists (2.4ms)[0m  [1m[34mSELECT  1 AS one FROM "users" WHERE "users"."email" = $1 LIMIT $2[0m  [["email", "510297127@qq.com"], ["LIMIT", 1]]
  ↳ /Users/apple/.rvm/gems/ruby-2.3.1/gems/activerecord-5.2.0/lib/active_record/log_subscriber.rb:98
  [1m[35m (0.3ms)[0m  [1m[31mROLLBACK[0m
  ↳ /Users/apple/.rvm/gems/ruby-2.3.1/gems/activerecord-5.2.0/lib/active_record/log_subscriber.rb:98
  Rendering devise/registrations/new.html.erb within layouts/application
  Rendered devise/registrations/new.html.erb within layouts/application (5.1ms)
Completed 200 OK in 240ms (Views: 63.7ms | ActiveRecord: 2.9ms)


Started POST "/users" for 127.0.0.1 at 2019-11-17 11:08:15 +0800
Processing by Devise::RegistrationsController#create as HTML
  Parameters: {"utf8"=>"✓", "authenticity_token"=>"zcW0BUCWl30I+d7oZR9c5BQLJHALJSmEh2mi12vMR28ikRAtIJ7GImhfkG2sP5Jo/Y9DoIcaQKQ0k42N86DEEg==", "user"=>{"first_name"=>"Picard", "last_name"=>"Xie", "email"=>"510297127@qq.com", "password"=>"[FILTERED]", "password_confirmation"=>"[FILTERED]"}, "commit"=>"Sign up"}
  [1m[35m (0.3ms)[0m  [1m[35mBEGIN[0m
  ↳ /Users/apple/.rvm/gems/ruby-2.3.1/gems/activerecord-5.2.0/lib/active_record/log_subscriber.rb:98
  [1m[36mUser Exists (0.5ms)[0m  [1m[34mSELECT  1 AS one FROM "users" WHERE "users"."email" = $1 LIMIT $2[0m  [["email", "510297127@qq.com"], ["LIMIT", 1]]
  ↳ /Users/apple/.rvm/gems/ruby-2.3.1/gems/activerecord-5.2.0/lib/active_record/log_subscriber.rb:98
  [1m[36mUser Create (1.6ms)[0m  [1m[32mINSERT INTO "users" ("first_name", "last_name", "email", "encrypted_password", "created_at", "updated_at") VALUES ($1, $2, $3, $4, $5, $6) RETURNING "id"[0m  [["first_name", "Picard"], ["last_name", "Xie"], ["email", "510297127@qq.com"], ["encrypted_password", "$2a$11$GLnMPrwcP2hoHz9VwIztmeCGErkVYMj9okszD5wI0onI.7FRDN39O"], ["created_at", "2019-11-17 03:08:15.574278"], ["updated_at", "2019-11-17 03:08:15.574278"]]
  ↳ /Users/apple/.rvm/gems/ruby-2.3.1/gems/activerecord-5.2.0/lib/active_record/log_subscriber.rb:98
  [1m[36mProfile Create (1.7ms)[0m  [1m[32mINSERT INTO "profiles" ("user_id", "created_at", "updated_at") VALUES ($1, $2, $3) RETURNING "id"[0m  [["user_id", 1], ["created_at", "2019-11-17 03:08:15.632248"], ["updated_at", "2019-11-17 03:08:15.632248"]]
  ↳ app/models/user.rb:47
  [1m[36mProfile Load (0.4ms)[0m  [1m[34mSELECT  "profiles".* FROM "profiles" WHERE "profiles"."user_id" = $1 LIMIT $2[0m  [["user_id", 1], ["LIMIT", 1]]
  ↳ app/models/user.rb:47
  [1m[35m (0.7ms)[0m  [1m[35mCOMMIT[0m
  ↳ /Users/apple/.rvm/gems/ruby-2.3.1/gems/activerecord-5.2.0/lib/active_record/log_subscriber.rb:98
  [1m[35m (0.2ms)[0m  [1m[35mBEGIN[0m
  ↳ /Users/apple/.rvm/gems/ruby-2.3.1/gems/activerecord-5.2.0/lib/active_record/log_subscriber.rb:98
  [1m[36mUser Update (0.5ms)[0m  [1m[33mUPDATE "users" SET "sign_in_count" = $1, "current_sign_in_at" = $2, "last_sign_in_at" = $3, "current_sign_in_ip" = $4, "last_sign_in_ip" = $5, "updated_at" = $6 WHERE "users"."id" = $7[0m  [["sign_in_count", 1], ["current_sign_in_at", "2019-11-17 03:08:15.641974"], ["last_sign_in_at", "2019-11-17 03:08:15.641974"], ["current_sign_in_ip", "127.0.0.1/32"], ["last_sign_in_ip", "127.0.0.1/32"], ["updated_at", "2019-11-17 03:08:15.642868"], ["id", 1]]
  ↳ /Users/apple/.rvm/gems/ruby-2.3.1/gems/activerecord-5.2.0/lib/active_record/log_subscriber.rb:98
  [1m[35m (0.4ms)[0m  [1m[35mCOMMIT[0m
  ↳ /Users/apple/.rvm/gems/ruby-2.3.1/gems/activerecord-5.2.0/lib/active_record/log_subscriber.rb:98
Redirected to http://127.0.0.1:3000/
Completed 302 Found in 221ms (ActiveRecord: 12.8ms)


Started GET "/" for 127.0.0.1 at 2019-11-17 11:08:15 +0800
Processing by PostsController#index as HTML
  [1m[36mUser Load (0.7ms)[0m  [1m[34mSELECT  "users".* FROM "users" WHERE "users"."id" = $1 ORDER BY "users"."id" ASC LIMIT $2[0m  [["id", 1], ["LIMIT", 1]]
  ↳ /Users/apple/.rvm/gems/ruby-2.3.1/gems/activerecord-5.2.0/lib/active_record/log_subscriber.rb:98
  [1m[35m (1.7ms)[0m  [1m[34mSELECT "users"."id" FROM "users" INNER JOIN "requests" ON "users"."id" = "requests"."requestee_id" WHERE "requests"."requester_id" = $1 AND "requests"."accepted" = $2[0m  [["requester_id", 1], ["accepted", 1]]
  ↳ app/models/post.rb:14
  Rendering posts/index.html.erb within layouts/application
  [1m[36mProfile Load (0.4ms)[0m  [1m[34mSELECT  "profiles".* FROM "profiles" WHERE "profiles"."user_id" = $1 LIMIT $2[0m  [["user_id", 1], ["LIMIT", 1]]
  ↳ app/views/posts/index.html.erb:10
  [1m[36mPost Load (1.8ms)[0m  [1m[34mSELECT  "posts".* FROM "posts" WHERE (user_id IN (NULL) OR user_id = 1) ORDER BY "posts"."created_at" DESC, "posts"."created_at" ASC LIMIT $1 OFFSET $2[0m  [["LIMIT", 5], ["OFFSET", 0]]
  ↳ app/views/posts/index.html.erb:29
  Rendered posts/index.html.erb within layouts/application (14.1ms)
  [1m[35m (0.7ms)[0m  [1m[34mSELECT COUNT(*) FROM "requests" WHERE "requests"."requestee_id" = $1 AND "requests"."accepted" = $2[0m  [["requestee_id", 1], ["accepted", 0]]
  ↳ app/views/layouts/application.html.erb:34
Completed 200 OK in 121ms (Views: 61.6ms | ActiveRecord: 12.1ms)


Started DELETE "/users/sign_out" for 127.0.0.1 at 2019-11-17 11:08:23 +0800
Processing by Devise::SessionsController#destroy as HTML
  Parameters: {"authenticity_token"=>"tiGZUlFngNuHQA5KGWbNsbRrS+OGoPTj2rzq5ompIvlZdT16MW/RhOfmQM/QRgM9Xe8sMwqfncNpRsW8EcWhhA=="}
  [1m[36mUser Load (0.8ms)[0m  [1m[34mSELECT  "users".* FROM "users" WHERE "users"."id" = $1 ORDER BY "users"."id" ASC LIMIT $2[0m  [["id", 1], ["LIMIT", 1]]
  ↳ /Users/apple/.rvm/gems/ruby-2.3.1/gems/activerecord-5.2.0/lib/active_record/log_subscriber.rb:98
  [1m[35m (0.3ms)[0m  [1m[35mBEGIN[0m
  ↳ /Users/apple/.rvm/gems/ruby-2.3.1/gems/activerecord-5.2.0/lib/active_record/log_subscriber.rb:98
  [1m[35m (0.3ms)[0m  [1m[35mCOMMIT[0m
  ↳ /Users/apple/.rvm/gems/ruby-2.3.1/gems/activerecord-5.2.0/lib/active_record/log_subscriber.rb:98
Redirected to http://127.0.0.1:3000/
Completed 302 Found in 13ms (ActiveRecord: 1.3ms)


Started GET "/" for 127.0.0.1 at 2019-11-17 11:08:23 +0800
Processing by PostsController#index as HTML
Completed 401 Unauthorized in 1ms (ActiveRecord: 0.0ms)


Started GET "/users/sign_in" for 127.0.0.1 at 2019-11-17 11:08:23 +0800
Processing by Devise::SessionsController#new as HTML
  Rendering devise/sessions/new.html.erb within layouts/application
  Rendered devise/sessions/new.html.erb within layouts/application (2.1ms)
Completed 200 OK in 51ms (Views: 49.2ms | ActiveRecord: 0.0ms)


Started POST "/users/sign_in" for 127.0.0.1 at 2019-11-17 11:08:27 +0800
Processing by Devise::SessionsController#create as HTML
  Parameters: {"utf8"=>"✓", "authenticity_token"=>"cLOXqqgwFjCMHX1GHsTwSqt7vvhhPFarn/l1zPlhMSDvHhAYGZAUmmWYOet32IPK1X5wP6QJZF3IFHGr3ycVAw==", "user"=>{"email"=>"510297127@qq.com", "password"=>"[FILTERED]", "remember_me"=>"1"}, "commit"=>"Log in"}
  [1m[36mUser Load (1.3ms)[0m  [1m[34mSELECT  "users".* FROM "users" WHERE "users"."email" = $1 ORDER BY "users"."id" ASC LIMIT $2[0m  [["email", "510297127@qq.com"], ["LIMIT", 1]]
  ↳ /Users/apple/.rvm/gems/ruby-2.3.1/gems/activerecord-5.2.0/lib/active_record/log_subscriber.rb:98
  [1m[35m (0.2ms)[0m  [1m[35mBEGIN[0m
  ↳ /Users/apple/.rvm/gems/ruby-2.3.1/gems/activerecord-5.2.0/lib/active_record/log_subscriber.rb:98
  [1m[36mUser Update (0.6ms)[0m  [1m[33mUPDATE "users" SET "remember_created_at" = $1, "updated_at" = $2 WHERE "users"."id" = $3[0m  [["remember_created_at", "2019-11-17 03:08:27.357492"], ["updated_at", "2019-11-17 03:08:27.358662"], ["id", 1]]
  ↳ /Users/apple/.rvm/gems/ruby-2.3.1/gems/activerecord-5.2.0/lib/active_record/log_subscriber.rb:98
  [1m[35m (1.3ms)[0m  [1m[35mCOMMIT[0m
  ↳ /Users/apple/.rvm/gems/ruby-2.3.1/gems/activerecord-5.2.0/lib/active_record/log_subscriber.rb:98
  [1m[35m (0.2ms)[0m  [1m[35mBEGIN[0m
  ↳ /Users/apple/.rvm/gems/ruby-2.3.1/gems/activerecord-5.2.0/lib/active_record/log_subscriber.rb:98
  [1m[36mUser Update (0.4ms)[0m  [1m[33mUPDATE "users" SET "sign_in_count" = $1, "current_sign_in_at" = $2, "updated_at" = $3 WHERE "users"."id" = $4[0m  [["sign_in_count", 2], ["current_sign_in_at", "2019-11-17 03:08:27.364993"], ["updated_at", "2019-11-17 03:08:27.365943"], ["id", 1]]
  ↳ /Users/apple/.rvm/gems/ruby-2.3.1/gems/activerecord-5.2.0/lib/active_record/log_subscriber.rb:98
  [1m[35m (0.4ms)[0m  [1m[35mCOMMIT[0m
  ↳ /Users/apple/.rvm/gems/ruby-2.3.1/gems/activerecord-5.2.0/lib/active_record/log_subscriber.rb:98
Redirected to http://127.0.0.1:3000/
Completed 302 Found in 184ms (ActiveRecord: 4.5ms)


Started GET "/" for 127.0.0.1 at 2019-11-17 11:08:27 +0800
Processing by PostsController#index as HTML
  [1m[36mUser Load (0.5ms)[0m  [1m[34mSELECT  "users".* FROM "users" WHERE "users"."id" = $1 ORDER BY "users"."id" ASC LIMIT $2[0m  [["id", 1], ["LIMIT", 1]]
  ↳ /Users/apple/.rvm/gems/ruby-2.3.1/gems/activerecord-5.2.0/lib/active_record/log_subscriber.rb:98
  [1m[35m (0.8ms)[0m  [1m[34mSELECT "users"."id" FROM "users" INNER JOIN "requests" ON "users"."id" = "requests"."requestee_id" WHERE "requests"."requester_id" = $1 AND "requests"."accepted" = $2[0m  [["requester_id", 1], ["accepted", 1]]
  ↳ app/models/post.rb:14
  Rendering posts/index.html.erb within layouts/application
  [1m[36mProfile Load (0.4ms)[0m  [1m[34mSELECT  "profiles".* FROM "profiles" WHERE "profiles"."user_id" = $1 LIMIT $2[0m  [["user_id", 1], ["LIMIT", 1]]
  ↳ app/views/posts/index.html.erb:10
  [1m[36mPost Load (0.4ms)[0m  [1m[34mSELECT  "posts".* FROM "posts" WHERE (user_id IN (NULL) OR user_id = 1) ORDER BY "posts"."created_at" DESC, "posts"."created_at" ASC LIMIT $1 OFFSET $2[0m  [["LIMIT", 5], ["OFFSET", 0]]
  ↳ app/views/posts/index.html.erb:29
  Rendered posts/index.html.erb within layouts/application (7.4ms)
  [1m[35m (0.6ms)[0m  [1m[34mSELECT COUNT(*) FROM "requests" WHERE "requests"."requestee_id" = $1 AND "requests"."accepted" = $2[0m  [["requestee_id", 1], ["accepted", 0]]
  ↳ app/views/layouts/application.html.erb:34
Completed 200 OK in 58ms (Views: 48.1ms | ActiveRecord: 2.8ms)


Started GET "/profiles/1" for 127.0.0.1 at 2019-11-17 11:08:31 +0800
Processing by ProfilesController#show as HTML
  Parameters: {"id"=>"1"}
  [1m[36mUser Load (0.9ms)[0m  [1m[34mSELECT  "users".* FROM "users" WHERE "users"."id" = $1 ORDER BY "users"."id" ASC LIMIT $2[0m  [["id", 1], ["LIMIT", 1]]
  ↳ /Users/apple/.rvm/gems/ruby-2.3.1/gems/activerecord-5.2.0/lib/active_record/log_subscriber.rb:98
  [1m[36mProfile Load (0.4ms)[0m  [1m[34mSELECT  "profiles".* FROM "profiles" WHERE "profiles"."id" = $1 LIMIT $2[0m  [["id", 1], ["LIMIT", 1]]
  ↳ app/controllers/profiles_controller.rb:4
  [1m[36mUser Load (0.5ms)[0m  [1m[34mSELECT  "users".* FROM "users" WHERE "users"."id" = $1 LIMIT $2[0m  [["id", 1], ["LIMIT", 1]]
  ↳ app/controllers/profiles_controller.rb:5
  Rendering profiles/show.html.erb within layouts/application
  [1m[36mProfile Load (0.4ms)[0m  [1m[34mSELECT  "profiles".* FROM "profiles" WHERE "profiles"."user_id" = $1 LIMIT $2[0m  [["user_id", 1], ["LIMIT", 1]]
  ↳ app/views/profiles/show.html.erb:31
  [1m[35m (0.5ms)[0m  [1m[34mSELECT COUNT(*) FROM "users" INNER JOIN "requests" ON "users"."id" = "requests"."requestee_id" WHERE "requests"."requester_id" = $1 AND "requests"."accepted" = $2[0m  [["requester_id", 1], ["accepted", 1]]
  ↳ app/views/profiles/show.html.erb:60
  [1m[35m (0.4ms)[0m  [1m[34mSELECT COUNT(*) FROM (SELECT  1 AS one FROM "posts" WHERE "posts"."user_id" = $1 ORDER BY "posts"."created_at" DESC LIMIT $2 OFFSET $3) subquery_for_count[0m  [["user_id", 1], ["LIMIT", 5], ["OFFSET", 0]]
  ↳ app/views/profiles/show.html.erb:79
  Rendered profiles/show.html.erb within layouts/application (9.1ms)
  [1m[35m (0.4ms)[0m  [1m[34mSELECT COUNT(*) FROM "requests" WHERE "requests"."requestee_id" = $1 AND "requests"."accepted" = $2[0m  [["requestee_id", 1], ["accepted", 0]]
  ↳ app/views/layouts/application.html.erb:34
Completed 200 OK in 75ms (Views: 55.8ms | ActiveRecord: 3.6ms)


Started GET "/" for 127.0.0.1 at 2019-11-17 14:48:04 +0800
  
PG::ConnectionBad (could not connect to server: Connection refused
	Is the server running on host "localhost" (127.0.0.1) and accepting
	TCP/IP connections on port 5432?
could not connect to server: Connection refused
	Is the server running on host "localhost" (::1) and accepting
	TCP/IP connections on port 5432?
):
  
pg (1.0.0) lib/pg.rb:56:in `initialize'
pg (1.0.0) lib/pg.rb:56:in `new'
pg (1.0.0) lib/pg.rb:56:in `connect'
activerecord (5.2.0) lib/active_record/connection_adapters/postgresql_adapter.rb:684:in `connect'
activerecord (5.2.0) lib/active_record/connection_adapters/postgresql_adapter.rb:215:in `initialize'
activerecord (5.2.0) lib/active_record/connection_adapters/postgresql_adapter.rb:40:in `new'
activerecord (5.2.0) lib/active_record/connection_adapters/postgresql_adapter.rb:40:in `postgresql_connection'
activerecord (5.2.0) lib/active_record/connection_adapters/abstract/connection_pool.rb:809:in `new_connection'
activerecord (5.2.0) lib/active_record/connection_adapters/abstract/connection_pool.rb:853:in `checkout_new_connection'
activerecord (5.2.0) lib/active_record/connection_adapters/abstract/connection_pool.rb:832:in `try_to_checkout_new_connection'
activerecord (5.2.0) lib/active_record/connection_adapters/abstract/connection_pool.rb:793:in `acquire_connection'
activerecord (5.2.0) lib/active_record/connection_adapters/abstract/connection_pool.rb:521:in `checkout'
activerecord (5.2.0) lib/active_record/connection_adapters/abstract/connection_pool.rb:380:in `connection'
activerecord (5.2.0) lib/active_record/connection_adapters/abstract/connection_pool.rb:1008:in `retrieve_connection'
activerecord (5.2.0) lib/active_record/connection_handling.rb:118:in `retrieve_connection'
activerecord (5.2.0) lib/active_record/connection_handling.rb:90:in `connection'
activerecord (5.2.0) lib/active_record/migration.rb:554:in `call'
actionpack (5.2.0) lib/action_dispatch/middleware/callbacks.rb:28:in `block in call'
activesupport (5.2.0) lib/active_support/callbacks.rb:98:in `run_callbacks'
actionpack (5.2.0) lib/action_dispatch/middleware/callbacks.rb:26:in `call'
actionpack (5.2.0) lib/action_dispatch/middleware/executor.rb:14:in `call'
actionpack (5.2.0) lib/action_dispatch/middleware/debug_exceptions.rb:61:in `call'
web-console (3.6.2) lib/web_console/middleware.rb:135:in `call_app'
web-console (3.6.2) lib/web_console/middleware.rb:30:in `block in call'
web-console (3.6.2) lib/web_console/middleware.rb:20:in `catch'
web-console (3.6.2) lib/web_console/middleware.rb:20:in `call'
actionpack (5.2.0) lib/action_dispatch/middleware/show_exceptions.rb:33:in `call'
railties (5.2.0) lib/rails/rack/logger.rb:38:in `call_app'
railties (5.2.0) lib/rails/rack/logger.rb:26:in `block in call'
activesupport (5.2.0) lib/active_support/tagged_logging.rb:71:in `block in tagged'
activesupport (5.2.0) lib/active_support/tagged_logging.rb:28:in `tagged'
activesupport (5.2.0) lib/active_support/tagged_logging.rb:71:in `tagged'
railties (5.2.0) lib/rails/rack/logger.rb:26:in `call'
sprockets-rails (3.2.1) lib/sprockets/rails/quiet_assets.rb:13:in `call'
actionpack (5.2.0) lib/action_dispatch/middleware/remote_ip.rb:81:in `call'
actionpack (5.2.0) lib/action_dispatch/middleware/request_id.rb:27:in `call'
rack (2.0.5) lib/rack/method_override.rb:22:in `call'
rack (2.0.5) lib/rack/runtime.rb:22:in `call'
activesupport (5.2.0) lib/active_support/cache/strategy/local_cache_middleware.rb:29:in `call'
actionpack (5.2.0) lib/action_dispatch/middleware/executor.rb:14:in `call'
actionpack (5.2.0) lib/action_dispatch/middleware/static.rb:127:in `call'
rack (2.0.5) lib/rack/sendfile.rb:111:in `call'
railties (5.2.0) lib/rails/engine.rb:524:in `call'
puma (3.11.4) lib/puma/configuration.rb:225:in `call'
puma (3.11.4) lib/puma/server.rb:632:in `handle_request'
puma (3.11.4) lib/puma/server.rb:446:in `process_client'
puma (3.11.4) lib/puma/server.rb:306:in `block in run'
puma (3.11.4) lib/puma/thread_pool.rb:120:in `block in spawn_thread'
Started GET "/" for 127.0.0.1 at 2019-11-17 14:48:16 +0800
  
PG::ConnectionBad (could not connect to server: Connection refused
	Is the server running on host "localhost" (127.0.0.1) and accepting
	TCP/IP connections on port 5432?
could not connect to server: Connection refused
	Is the server running on host "localhost" (::1) and accepting
	TCP/IP connections on port 5432?
):
  
pg (1.0.0) lib/pg.rb:56:in `initialize'
pg (1.0.0) lib/pg.rb:56:in `new'
pg (1.0.0) lib/pg.rb:56:in `connect'
activerecord (5.2.0) lib/active_record/connection_adapters/postgresql_adapter.rb:684:in `connect'
activerecord (5.2.0) lib/active_record/connection_adapters/postgresql_adapter.rb:215:in `initialize'
activerecord (5.2.0) lib/active_record/connection_adapters/postgresql_adapter.rb:40:in `new'
activerecord (5.2.0) lib/active_record/connection_adapters/postgresql_adapter.rb:40:in `postgresql_connection'
activerecord (5.2.0) lib/active_record/connection_adapters/abstract/connection_pool.rb:809:in `new_connection'
activerecord (5.2.0) lib/active_record/connection_adapters/abstract/connection_pool.rb:853:in `checkout_new_connection'
activerecord (5.2.0) lib/active_record/connection_adapters/abstract/connection_pool.rb:832:in `try_to_checkout_new_connection'
activerecord (5.2.0) lib/active_record/connection_adapters/abstract/connection_pool.rb:793:in `acquire_connection'
activerecord (5.2.0) lib/active_record/connection_adapters/abstract/connection_pool.rb:521:in `checkout'
activerecord (5.2.0) lib/active_record/connection_adapters/abstract/connection_pool.rb:380:in `connection'
activerecord (5.2.0) lib/active_record/connection_adapters/abstract/connection_pool.rb:1008:in `retrieve_connection'
activerecord (5.2.0) lib/active_record/connection_handling.rb:118:in `retrieve_connection'
activerecord (5.2.0) lib/active_record/connection_handling.rb:90:in `connection'
activerecord (5.2.0) lib/active_record/migration.rb:554:in `call'
actionpack (5.2.0) lib/action_dispatch/middleware/callbacks.rb:28:in `block in call'
activesupport (5.2.0) lib/active_support/callbacks.rb:98:in `run_callbacks'
actionpack (5.2.0) lib/action_dispatch/middleware/callbacks.rb:26:in `call'
actionpack (5.2.0) lib/action_dispatch/middleware/executor.rb:14:in `call'
actionpack (5.2.0) lib/action_dispatch/middleware/debug_exceptions.rb:61:in `call'
web-console (3.6.2) lib/web_console/middleware.rb:135:in `call_app'
web-console (3.6.2) lib/web_console/middleware.rb:30:in `block in call'
web-console (3.6.2) lib/web_console/middleware.rb:20:in `catch'
web-console (3.6.2) lib/web_console/middleware.rb:20:in `call'
actionpack (5.2.0) lib/action_dispatch/middleware/show_exceptions.rb:33:in `call'
railties (5.2.0) lib/rails/rack/logger.rb:38:in `call_app'
railties (5.2.0) lib/rails/rack/logger.rb:26:in `block in call'
activesupport (5.2.0) lib/active_support/tagged_logging.rb:71:in `block in tagged'
activesupport (5.2.0) lib/active_support/tagged_logging.rb:28:in `tagged'
activesupport (5.2.0) lib/active_support/tagged_logging.rb:71:in `tagged'
railties (5.2.0) lib/rails/rack/logger.rb:26:in `call'
sprockets-rails (3.2.1) lib/sprockets/rails/quiet_assets.rb:13:in `call'
actionpack (5.2.0) lib/action_dispatch/middleware/remote_ip.rb:81:in `call'
actionpack (5.2.0) lib/action_dispatch/middleware/request_id.rb:27:in `call'
rack (2.0.5) lib/rack/method_override.rb:22:in `call'
rack (2.0.5) lib/rack/runtime.rb:22:in `call'
activesupport (5.2.0) lib/active_support/cache/strategy/local_cache_middleware.rb:29:in `call'
actionpack (5.2.0) lib/action_dispatch/middleware/executor.rb:14:in `call'
actionpack (5.2.0) lib/action_dispatch/middleware/static.rb:127:in `call'
rack (2.0.5) lib/rack/sendfile.rb:111:in `call'
railties (5.2.0) lib/rails/engine.rb:524:in `call'
puma (3.11.4) lib/puma/configuration.rb:225:in `call'
puma (3.11.4) lib/puma/server.rb:632:in `handle_request'
puma (3.11.4) lib/puma/server.rb:446:in `process_client'
puma (3.11.4) lib/puma/server.rb:306:in `block in run'
puma (3.11.4) lib/puma/thread_pool.rb:120:in `block in spawn_thread'
Started GET "/" for 127.0.0.1 at 2019-11-17 14:48:20 +0800
  
PG::ConnectionBad (could not connect to server: Connection refused
	Is the server running on host "localhost" (127.0.0.1) and accepting
	TCP/IP connections on port 5432?
could not connect to server: Connection refused
	Is the server running on host "localhost" (::1) and accepting
	TCP/IP connections on port 5432?
):
  
pg (1.0.0) lib/pg.rb:56:in `initialize'
pg (1.0.0) lib/pg.rb:56:in `new'
pg (1.0.0) lib/pg.rb:56:in `connect'
activerecord (5.2.0) lib/active_record/connection_adapters/postgresql_adapter.rb:684:in `connect'
activerecord (5.2.0) lib/active_record/connection_adapters/postgresql_adapter.rb:215:in `initialize'
activerecord (5.2.0) lib/active_record/connection_adapters/postgresql_adapter.rb:40:in `new'
activerecord (5.2.0) lib/active_record/connection_adapters/postgresql_adapter.rb:40:in `postgresql_connection'
activerecord (5.2.0) lib/active_record/connection_adapters/abstract/connection_pool.rb:809:in `new_connection'
activerecord (5.2.0) lib/active_record/connection_adapters/abstract/connection_pool.rb:853:in `checkout_new_connection'
activerecord (5.2.0) lib/active_record/connection_adapters/abstract/connection_pool.rb:832:in `try_to_checkout_new_connection'
activerecord (5.2.0) lib/active_record/connection_adapters/abstract/connection_pool.rb:793:in `acquire_connection'
activerecord (5.2.0) lib/active_record/connection_adapters/abstract/connection_pool.rb:521:in `checkout'
activerecord (5.2.0) lib/active_record/connection_adapters/abstract/connection_pool.rb:380:in `connection'
activerecord (5.2.0) lib/active_record/connection_adapters/abstract/connection_pool.rb:1008:in `retrieve_connection'
activerecord (5.2.0) lib/active_record/connection_handling.rb:118:in `retrieve_connection'
activerecord (5.2.0) lib/active_record/connection_handling.rb:90:in `connection'
activerecord (5.2.0) lib/active_record/migration.rb:554:in `call'
actionpack (5.2.0) lib/action_dispatch/middleware/callbacks.rb:28:in `block in call'
activesupport (5.2.0) lib/active_support/callbacks.rb:98:in `run_callbacks'
actionpack (5.2.0) lib/action_dispatch/middleware/callbacks.rb:26:in `call'
actionpack (5.2.0) lib/action_dispatch/middleware/executor.rb:14:in `call'
actionpack (5.2.0) lib/action_dispatch/middleware/debug_exceptions.rb:61:in `call'
web-console (3.6.2) lib/web_console/middleware.rb:135:in `call_app'
web-console (3.6.2) lib/web_console/middleware.rb:30:in `block in call'
web-console (3.6.2) lib/web_console/middleware.rb:20:in `catch'
web-console (3.6.2) lib/web_console/middleware.rb:20:in `call'
actionpack (5.2.0) lib/action_dispatch/middleware/show_exceptions.rb:33:in `call'
railties (5.2.0) lib/rails/rack/logger.rb:38:in `call_app'
railties (5.2.0) lib/rails/rack/logger.rb:26:in `block in call'
activesupport (5.2.0) lib/active_support/tagged_logging.rb:71:in `block in tagged'
activesupport (5.2.0) lib/active_support/tagged_logging.rb:28:in `tagged'
activesupport (5.2.0) lib/active_support/tagged_logging.rb:71:in `tagged'
railties (5.2.0) lib/rails/rack/logger.rb:26:in `call'
sprockets-rails (3.2.1) lib/sprockets/rails/quiet_assets.rb:13:in `call'
actionpack (5.2.0) lib/action_dispatch/middleware/remote_ip.rb:81:in `call'
actionpack (5.2.0) lib/action_dispatch/middleware/request_id.rb:27:in `call'
rack (2.0.5) lib/rack/method_override.rb:22:in `call'
rack (2.0.5) lib/rack/runtime.rb:22:in `call'
activesupport (5.2.0) lib/active_support/cache/strategy/local_cache_middleware.rb:29:in `call'
actionpack (5.2.0) lib/action_dispatch/middleware/executor.rb:14:in `call'
actionpack (5.2.0) lib/action_dispatch/middleware/static.rb:127:in `call'
rack (2.0.5) lib/rack/sendfile.rb:111:in `call'
railties (5.2.0) lib/rails/engine.rb:524:in `call'
puma (3.11.4) lib/puma/configuration.rb:225:in `call'
puma (3.11.4) lib/puma/server.rb:632:in `handle_request'
puma (3.11.4) lib/puma/server.rb:446:in `process_client'
puma (3.11.4) lib/puma/server.rb:306:in `block in run'
puma (3.11.4) lib/puma/thread_pool.rb:120:in `block in spawn_thread'
  [1m[35m (4.3ms)[0m  [1m[35mCREATE TABLE "schema_migrations" ("version" character varying NOT NULL PRIMARY KEY)[0m
  ↳ bin/rails:9
  [1m[35m (2.6ms)[0m  [1m[35mCREATE TABLE "ar_internal_metadata" ("key" character varying NOT NULL PRIMARY KEY, "value" character varying, "created_at" timestamp NOT NULL, "updated_at" timestamp NOT NULL)[0m
  ↳ bin/rails:9
  [1m[35m (0.3ms)[0m  [1m[34mSELECT pg_try_advisory_lock(372903447937791960)[0m
  ↳ bin/rails:9
  [1m[35m (0.6ms)[0m  [1m[34mSELECT "schema_migrations"."version" FROM "schema_migrations" ORDER BY "schema_migrations"."version" ASC[0m
  ↳ bin/rails:9
Migrating to DeviseCreateUsers (20180524154509)
  [1m[35m (0.2ms)[0m  [1m[35mBEGIN[0m
  ↳ bin/rails:9
  [1m[35m (3.7ms)[0m  [1m[35mCREATE TABLE "users" ("id" bigserial primary key, "first_name" character varying DEFAULT '' NOT NULL, "last_name" character varying DEFAULT '' NOT NULL, "email" character varying DEFAULT '' NOT NULL, "encrypted_password" character varying DEFAULT '' NOT NULL, "reset_password_token" character varying, "reset_password_sent_at" timestamp, "remember_created_at" timestamp, "sign_in_count" integer DEFAULT 0 NOT NULL, "current_sign_in_at" timestamp, "last_sign_in_at" timestamp, "current_sign_in_ip" inet, "last_sign_in_ip" inet, "created_at" timestamp NOT NULL, "updated_at" timestamp NOT NULL)[0m
  ↳ db/migrate/20180524154509_devise_create_users.rb:5
  [1m[35m (1.1ms)[0m  [1m[35mCREATE UNIQUE INDEX  "index_users_on_email" ON "users"  ("email")[0m
  ↳ db/migrate/20180524154509_devise_create_users.rb:41
  [1m[35m (0.9ms)[0m  [1m[35mCREATE UNIQUE INDEX  "index_users_on_reset_password_token" ON "users"  ("reset_password_token")[0m
  ↳ db/migrate/20180524154509_devise_create_users.rb:42
  [1m[36mActiveRecord::SchemaMigration Create (0.6ms)[0m  [1m[32mINSERT INTO "schema_migrations" ("version") VALUES ($1) RETURNING "version"[0m  [["version", "20180524154509"]]
  ↳ bin/rails:9
  [1m[35m (0.5ms)[0m  [1m[35mCOMMIT[0m
  ↳ bin/rails:9
Migrating to CreatePosts (20180525141639)
  [1m[35m (0.4ms)[0m  [1m[35mBEGIN[0m
  ↳ bin/rails:9
  [1m[35m (5.0ms)[0m  [1m[35mCREATE TABLE "posts" ("id" bigserial primary key, "content" text, "user_id" bigint, "created_at" timestamp NOT NULL, "updated_at" timestamp NOT NULL, CONSTRAINT "fk_rails_5b5ddfd518"
FOREIGN KEY ("user_id")
  REFERENCES "users" ("id")
)[0m
  ↳ db/migrate/20180525141639_create_posts.rb:3
  [1m[35m (0.9ms)[0m  [1m[35mCREATE  INDEX  "index_posts_on_user_id" ON "posts"  ("user_id")[0m
  ↳ db/migrate/20180525141639_create_posts.rb:3
  [1m[36mActiveRecord::SchemaMigration Create (0.5ms)[0m  [1m[32mINSERT INTO "schema_migrations" ("version") VALUES ($1) RETURNING "version"[0m  [["version", "20180525141639"]]
  ↳ bin/rails:9
  [1m[35m (0.5ms)[0m  [1m[35mCOMMIT[0m
  ↳ bin/rails:9
Migrating to AddPaperclipFieldsToPost (20180528143434)
  [1m[35m (0.5ms)[0m  [1m[35mBEGIN[0m
  ↳ bin/rails:9
  [1m[35m (0.7ms)[0m  [1m[35mALTER TABLE "posts" ADD "image_file_name" character varying[0m
  ↳ db/migrate/20180528143434_add_paperclip_fields_to_post.rb:3
  [1m[35m (0.6ms)[0m  [1m[35mALTER TABLE "posts" ADD "image_content_type" character varying[0m
  ↳ db/migrate/20180528143434_add_paperclip_fields_to_post.rb:4
  [1m[35m (0.5ms)[0m  [1m[35mALTER TABLE "posts" ADD "image_file_size" integer[0m
  ↳ db/migrate/20180528143434_add_paperclip_fields_to_post.rb:5
  [1m[35m (0.5ms)[0m  [1m[35mALTER TABLE "posts" ADD "image_updated_at" timestamp[0m
  ↳ db/migrate/20180528143434_add_paperclip_fields_to_post.rb:6
  [1m[36mActiveRecord::SchemaMigration Create (0.4ms)[0m  [1m[32mINSERT INTO "schema_migrations" ("version") VALUES ($1) RETURNING "version"[0m  [["version", "20180528143434"]]
  ↳ bin/rails:9
  [1m[35m (0.8ms)[0m  [1m[35mCOMMIT[0m
  ↳ bin/rails:9
Migrating to CreateComments (20180528152421)
  [1m[35m (0.3ms)[0m  [1m[35mBEGIN[0m
  ↳ bin/rails:9
  [1m[35m (3.9ms)[0m  [1m[35mCREATE TABLE "comments" ("id" bigserial primary key, "content" text, "user_id" bigint, "post_id" bigint, "created_at" timestamp NOT NULL, "updated_at" timestamp NOT NULL, CONSTRAINT "fk_rails_03de2dc08c"
FOREIGN KEY ("user_id")
  REFERENCES "users" ("id")
, CONSTRAINT "fk_rails_2fd19c0db7"
FOREIGN KEY ("post_id")
  REFERENCES "posts" ("id")
)[0m
  ↳ db/migrate/20180528152421_create_comments.rb:3
  [1m[35m (1.9ms)[0m  [1m[35mCREATE  INDEX  "index_comments_on_user_id" ON "comments"  ("user_id")[0m
  ↳ db/migrate/20180528152421_create_comments.rb:3
  [1m[35m (1.4ms)[0m  [1m[35mCREATE  INDEX  "index_comments_on_post_id" ON "comments"  ("post_id")[0m
  ↳ db/migrate/20180528152421_create_comments.rb:3
  [1m[36mActiveRecord::SchemaMigration Create (0.5ms)[0m  [1m[32mINSERT INTO "schema_migrations" ("version") VALUES ($1) RETURNING "version"[0m  [["version", "20180528152421"]]
  ↳ bin/rails:9
  [1m[35m (0.6ms)[0m  [1m[35mCOMMIT[0m
  ↳ bin/rails:9
Migrating to CreateLikes (20180528160659)
  [1m[35m (0.5ms)[0m  [1m[35mBEGIN[0m
  ↳ bin/rails:9
  [1m[35m (3.2ms)[0m  [1m[35mCREATE TABLE "likes" ("id" bigserial primary key, "user_id" bigint, "post_id" bigint, "created_at" timestamp NOT NULL, "updated_at" timestamp NOT NULL, CONSTRAINT "fk_rails_1e09b5dabf"
FOREIGN KEY ("user_id")
  REFERENCES "users" ("id")
, CONSTRAINT "fk_rails_87a8aac469"
FOREIGN KEY ("post_id")
  REFERENCES "posts" ("id")
)[0m
  ↳ db/migrate/20180528160659_create_likes.rb:3
  [1m[35m (1.5ms)[0m  [1m[35mCREATE  INDEX  "index_likes_on_user_id" ON "likes"  ("user_id")[0m
  ↳ db/migrate/20180528160659_create_likes.rb:3
  [1m[35m (1.0ms)[0m  [1m[35mCREATE  INDEX  "index_likes_on_post_id" ON "likes"  ("post_id")[0m
  ↳ db/migrate/20180528160659_create_likes.rb:3
  [1m[36mActiveRecord::SchemaMigration Create (0.4ms)[0m  [1m[32mINSERT INTO "schema_migrations" ("version") VALUES ($1) RETURNING "version"[0m  [["version", "20180528160659"]]
  ↳ bin/rails:9
  [1m[35m (0.6ms)[0m  [1m[35mCOMMIT[0m
  ↳ bin/rails:9
Migrating to AddUniqueIndexToLikes (20180529154453)
  [1m[35m (0.4ms)[0m  [1m[35mBEGIN[0m
  ↳ bin/rails:9
  [1m[35m (1.5ms)[0m  [1m[35mCREATE UNIQUE INDEX  "index_likes_on_user_id_and_post_id" ON "likes"  ("user_id", "post_id")[0m
  ↳ db/migrate/20180529154453_add_unique_index_to_likes.rb:3
  [1m[36mActiveRecord::SchemaMigration Create (0.5ms)[0m  [1m[32mINSERT INTO "schema_migrations" ("version") VALUES ($1) RETURNING "version"[0m  [["version", "20180529154453"]]
  ↳ bin/rails:9
  [1m[35m (0.5ms)[0m  [1m[35mCOMMIT[0m
  ↳ bin/rails:9
Migrating to CreateProfiles (20180529180046)
  [1m[35m (0.2ms)[0m  [1m[35mBEGIN[0m
  ↳ bin/rails:9
  [1m[35m (3.4ms)[0m  [1m[35mCREATE TABLE "profiles" ("id" bigserial primary key, "user_id" bigint, "location" character varying, "birthday" date, "gender" character varying, "bio" text, "avatar_file_name" character varying, "avatar_content_type" character varying, "avatar_file_size" integer, "avatar_updated_at" timestamp, "created_at" timestamp NOT NULL, "updated_at" timestamp NOT NULL, CONSTRAINT "fk_rails_e424190865"
FOREIGN KEY ("user_id")
  REFERENCES "users" ("id")
)[0m
  ↳ db/migrate/20180529180046_create_profiles.rb:3
  [1m[35m (1.2ms)[0m  [1m[35mCREATE  INDEX  "index_profiles_on_user_id" ON "profiles"  ("user_id")[0m
  ↳ db/migrate/20180529180046_create_profiles.rb:3
  [1m[36mActiveRecord::SchemaMigration Create (0.4ms)[0m  [1m[32mINSERT INTO "schema_migrations" ("version") VALUES ($1) RETURNING "version"[0m  [["version", "20180529180046"]]
  ↳ bin/rails:9
  [1m[35m (0.6ms)[0m  [1m[35mCOMMIT[0m
  ↳ bin/rails:9
Migrating to AddOmniauthToUsers (20180530161916)
  [1m[35m (0.4ms)[0m  [1m[35mBEGIN[0m
  ↳ bin/rails:9
  [1m[35m (0.6ms)[0m  [1m[35mALTER TABLE "users" ADD "provider" character varying[0m
  ↳ db/migrate/20180530161916_add_omniauth_to_users.rb:3
  [1m[35m (0.4ms)[0m  [1m[35mALTER TABLE "users" ADD "uid" character varying[0m
  ↳ db/migrate/20180530161916_add_omniauth_to_users.rb:4
  [1m[35m (0.5ms)[0m  [1m[35mALTER TABLE "users" ADD "name" character varying[0m
  ↳ db/migrate/20180530161916_add_omniauth_to_users.rb:5
  [1m[35m (0.4ms)[0m  [1m[35mALTER TABLE "users" ADD "image" text[0m
  ↳ db/migrate/20180530161916_add_omniauth_to_users.rb:6
  [1m[36mActiveRecord::SchemaMigration Create (0.3ms)[0m  [1m[32mINSERT INTO "schema_migrations" ("version") VALUES ($1) RETURNING "version"[0m  [["version", "20180530161916"]]
  ↳ bin/rails:9
  [1m[35m (0.4ms)[0m  [1m[35mCOMMIT[0m
  ↳ bin/rails:9
Migrating to CreateRequests (20180530202325)
  [1m[35m (0.2ms)[0m  [1m[35mBEGIN[0m
  ↳ bin/rails:9
  [1m[35m (2.7ms)[0m  [1m[35mCREATE TABLE "requests" ("id" bigserial primary key, "requester_id" integer, "requestee_id" integer, "accepted" integer, "created_at" timestamp NOT NULL, "updated_at" timestamp NOT NULL)[0m
  ↳ db/migrate/20180530202325_create_requests.rb:3
  [1m[35m (1.2ms)[0m  [1m[35mCREATE  INDEX  "index_requests_on_requester_id" ON "requests"  ("requester_id")[0m
  ↳ db/migrate/20180530202325_create_requests.rb:3
  [1m[35m (1.5ms)[0m  [1m[35mCREATE  INDEX  "index_requests_on_requestee_id" ON "requests"  ("requestee_id")[0m
  ↳ db/migrate/20180530202325_create_requests.rb:3
  [1m[36mActiveRecord::SchemaMigration Create (0.5ms)[0m  [1m[32mINSERT INTO "schema_migrations" ("version") VALUES ($1) RETURNING "version"[0m  [["version", "20180530202325"]]
  ↳ bin/rails:9
  [1m[35m (0.6ms)[0m  [1m[35mCOMMIT[0m
  ↳ bin/rails:9
Migrating to AddDefaultValueToRequestAcceptedColumn (20180531131207)
  [1m[35m (0.6ms)[0m  [1m[35mBEGIN[0m
  ↳ bin/rails:9
  [1m[35m (0.4ms)[0m  [1m[35mALTER TABLE "requests" ALTER COLUMN "accepted" TYPE integer, ALTER COLUMN "accepted" SET DEFAULT 0[0m
  ↳ db/migrate/20180531131207_add_default_value_to_request_accepted_column.rb:3
  [1m[36mActiveRecord::SchemaMigration Create (0.3ms)[0m  [1m[32mINSERT INTO "schema_migrations" ("version") VALUES ($1) RETURNING "version"[0m  [["version", "20180531131207"]]
  ↳ bin/rails:9
  [1m[35m (0.4ms)[0m  [1m[35mCOMMIT[0m
  ↳ bin/rails:9
Migrating to AddCoverphotoFieldsToProfile (20180604200723)
  [1m[35m (0.2ms)[0m  [1m[35mBEGIN[0m
  ↳ bin/rails:9
  [1m[35m (0.6ms)[0m  [1m[35mALTER TABLE "profiles" ADD "cover_file_name" character varying[0m
  ↳ db/migrate/20180604200723_add_coverphoto_fields_to_profile.rb:3
  [1m[35m (0.4ms)[0m  [1m[35mALTER TABLE "profiles" ADD "cover_content_type" character varying[0m
  ↳ db/migrate/20180604200723_add_coverphoto_fields_to_profile.rb:4
  [1m[35m (0.3ms)[0m  [1m[35mALTER TABLE "profiles" ADD "cover_file_size" integer[0m
  ↳ db/migrate/20180604200723_add_coverphoto_fields_to_profile.rb:5
  [1m[35m (0.3ms)[0m  [1m[35mALTER TABLE "profiles" ADD "cover_updated_at" timestamp[0m
  ↳ db/migrate/20180604200723_add_coverphoto_fields_to_profile.rb:6
  [1m[36mActiveRecord::SchemaMigration Create (1.0ms)[0m  [1m[32mINSERT INTO "schema_migrations" ("version") VALUES ($1) RETURNING "version"[0m  [["version", "20180604200723"]]
  ↳ bin/rails:9
  [1m[35m (0.4ms)[0m  [1m[35mCOMMIT[0m
  ↳ bin/rails:9
  [1m[36mActiveRecord::InternalMetadata Load (0.7ms)[0m  [1m[34mSELECT  "ar_internal_metadata".* FROM "ar_internal_metadata" WHERE "ar_internal_metadata"."key" = $1 LIMIT $2[0m  [["key", "environment"], ["LIMIT", 1]]
  ↳ bin/rails:9
  [1m[35m (0.2ms)[0m  [1m[35mBEGIN[0m
  ↳ bin/rails:9
  [1m[36mActiveRecord::InternalMetadata Create (0.9ms)[0m  [1m[32mINSERT INTO "ar_internal_metadata" ("key", "value", "created_at", "updated_at") VALUES ($1, $2, $3, $4) RETURNING "key"[0m  [["key", "environment"], ["value", "development"], ["created_at", "2019-11-17 06:57:01.794271"], ["updated_at", "2019-11-17 06:57:01.794271"]]
  ↳ bin/rails:9
  [1m[35m (0.4ms)[0m  [1m[35mCOMMIT[0m
  ↳ bin/rails:9
  [1m[35m (0.4ms)[0m  [1m[34mSELECT pg_advisory_unlock(372903447937791960)[0m
  ↳ bin/rails:9
  [1m[35m (0.5ms)[0m  [1m[34mSELECT "schema_migrations"."version" FROM "schema_migrations" ORDER BY "schema_migrations"."version" ASC[0m
  ↳ bin/rails:9
Started GET "/" for 127.0.0.1 at 2019-11-17 14:57:16 +0800
  [1m[35m (0.6ms)[0m  [1m[34mSELECT "schema_migrations"."version" FROM "schema_migrations" ORDER BY "schema_migrations"."version" ASC[0m
  ↳ /Users/apple/.rvm/gems/ruby-2.3.1/gems/activerecord-5.2.0/lib/active_record/log_subscriber.rb:98
Processing by PostsController#index as HTML
  [1m[36mUser Load (1.6ms)[0m  [1m[34mSELECT  "users".* FROM "users" WHERE "users"."id" = $1 ORDER BY "users"."id" ASC LIMIT $2[0m  [["id", 1], ["LIMIT", 1]]
  ↳ /Users/apple/.rvm/gems/ruby-2.3.1/gems/activerecord-5.2.0/lib/active_record/log_subscriber.rb:98
Completed 401 Unauthorized in 28ms (ActiveRecord: 6.2ms)


Started GET "/users/sign_in" for 127.0.0.1 at 2019-11-17 14:57:16 +0800
Processing by Devise::SessionsController#new as HTML
  Rendering devise/sessions/new.html.erb within layouts/application
  Rendered devise/sessions/new.html.erb within layouts/application (9.0ms)
Completed 200 OK in 490ms (Views: 471.7ms | ActiveRecord: 0.0ms)


Started GET "/" for 127.0.0.1 at 2019-11-17 15:11:57 +0800
Processing by PostsController#index as HTML
Completed 401 Unauthorized in 1ms (ActiveRecord: 0.0ms)


Started GET "/users/sign_in" for 127.0.0.1 at 2019-11-17 15:11:57 +0800
Processing by Devise::SessionsController#new as HTML
  Rendering devise/sessions/new.html.erb within layouts/application
  Rendered devise/sessions/new.html.erb within layouts/application (1.9ms)
Completed 200 OK in 68ms (Views: 66.8ms | ActiveRecord: 0.0ms)


Started POST "/users/sign_in" for 127.0.0.1 at 2019-11-17 15:12:00 +0800
Processing by Devise::SessionsController#create as HTML
  Parameters: {"utf8"=>"✓", "authenticity_token"=>"fw4jYA6du2HHpKIopY6fL+wao16MxFMFx65iMYSMjCY7xFvBsSGekDz7deyssYd2qrZeL20HWAEJN269RtthiQ==", "user"=>{"email"=>"", "password"=>"[FILTERED]", "remember_me"=>"1"}, "commit"=>"Log in"}
Completed 401 Unauthorized in 1ms (ActiveRecord: 0.0ms)


Processing by Devise::SessionsController#new as HTML
  Parameters: {"utf8"=>"✓", "authenticity_token"=>"fw4jYA6du2HHpKIopY6fL+wao16MxFMFx65iMYSMjCY7xFvBsSGekDz7deyssYd2qrZeL20HWAEJN269RtthiQ==", "user"=>{"email"=>"", "password"=>"[FILTERED]", "remember_me"=>"1"}, "commit"=>"Log in"}
  Rendering devise/sessions/new.html.erb within layouts/application
  Rendered devise/sessions/new.html.erb within layouts/application (1.9ms)
Completed 200 OK in 56ms (Views: 53.1ms | ActiveRecord: 0.0ms)


Started POST "/users/sign_in" for 127.0.0.1 at 2019-11-17 15:12:01 +0800
Processing by Devise::SessionsController#create as HTML
  Parameters: {"utf8"=>"✓", "authenticity_token"=>"legzR2OH05ZplYmYHc3cwanMImtcS2hrD+yhvqax9DzRIkvm3Dv2Z5LKXlwU8sSY72DfGr2IY2/Bda0yZOYZkw==", "user"=>{"email"=>"", "password"=>"[FILTERED]", "remember_me"=>"1"}, "commit"=>"Log in"}
Completed 401 Unauthorized in 2ms (ActiveRecord: 0.0ms)


Processing by Devise::SessionsController#new as HTML
  Parameters: {"utf8"=>"✓", "authenticity_token"=>"legzR2OH05ZplYmYHc3cwanMImtcS2hrD+yhvqax9DzRIkvm3Dv2Z5LKXlwU8sSY72DfGr2IY2/Bda0yZOYZkw==", "user"=>{"email"=>"", "password"=>"[FILTERED]", "remember_me"=>"1"}, "commit"=>"Log in"}
  Rendering devise/sessions/new.html.erb within layouts/application
  Rendered devise/sessions/new.html.erb within layouts/application (1.7ms)
Completed 200 OK in 87ms (Views: 84.8ms | ActiveRecord: 0.0ms)


Started GET "/users/sign_up" for 127.0.0.1 at 2019-11-17 15:12:23 +0800
Processing by Devise::RegistrationsController#new as HTML
  Rendering devise/registrations/new.html.erb within layouts/application
  Rendered devise/registrations/new.html.erb within layouts/application (2.4ms)
Completed 200 OK in 62ms (Views: 59.9ms | ActiveRecord: 0.0ms)


Started POST "/users" for 127.0.0.1 at 2019-11-17 15:12:57 +0800
Processing by Devise::RegistrationsController#create as HTML
  Parameters: {"utf8"=>"✓", "authenticity_token"=>"QXDTyzEMHneMKAPvp0omLsRUeYfwUYW92PV6iZB+opHNszK/DBURKLCPh2ayhb+GJd2TML0T4wXLTOpnSxVsgQ==", "user"=>{"first_name"=>"Picard", "last_name"=>"Xie", "email"=>"picardxie@foxmail.com", "password"=>"[FILTERED]", "password_confirmation"=>"[FILTERED]"}, "commit"=>"Sign up"}
  [1m[35m (0.3ms)[0m  [1m[35mBEGIN[0m
  ↳ /Users/apple/.rvm/gems/ruby-2.3.1/gems/activerecord-5.2.0/lib/active_record/log_subscriber.rb:98
  [1m[36mUser Exists (1.0ms)[0m  [1m[34mSELECT  1 AS one FROM "users" WHERE "users"."email" = $1 LIMIT $2[0m  [["email", "picardxie@foxmail.com"], ["LIMIT", 1]]
  ↳ /Users/apple/.rvm/gems/ruby-2.3.1/gems/activerecord-5.2.0/lib/active_record/log_subscriber.rb:98
  [1m[36mUser Create (1.1ms)[0m  [1m[32mINSERT INTO "users" ("first_name", "last_name", "email", "encrypted_password", "created_at", "updated_at") VALUES ($1, $2, $3, $4, $5, $6) RETURNING "id"[0m  [["first_name", "Picard"], ["last_name", "Xie"], ["email", "picardxie@foxmail.com"], ["encrypted_password", "$2a$11$R4/IsUrYmJATsTMaJpiuYOSEGpv8tQf2yBk79yHo28DPjvltyChMa"], ["created_at", "2019-11-17 07:12:57.388011"], ["updated_at", "2019-11-17 07:12:57.388011"]]
  ↳ /Users/apple/.rvm/gems/ruby-2.3.1/gems/activerecord-5.2.0/lib/active_record/log_subscriber.rb:98
  [1m[36mProfile Create (2.5ms)[0m  [1m[32mINSERT INTO "profiles" ("user_id", "created_at", "updated_at") VALUES ($1, $2, $3) RETURNING "id"[0m  [["user_id", 1], ["created_at", "2019-11-17 07:12:57.431694"], ["updated_at", "2019-11-17 07:12:57.431694"]]
  ↳ app/models/user.rb:47
  [1m[36mProfile Load (0.7ms)[0m  [1m[34mSELECT  "profiles".* FROM "profiles" WHERE "profiles"."user_id" = $1 LIMIT $2[0m  [["user_id", 1], ["LIMIT", 1]]
  ↳ app/models/user.rb:47
  [1m[35m (0.5ms)[0m  [1m[35mCOMMIT[0m
  ↳ /Users/apple/.rvm/gems/ruby-2.3.1/gems/activerecord-5.2.0/lib/active_record/log_subscriber.rb:98
  [1m[35m (0.2ms)[0m  [1m[35mBEGIN[0m
  ↳ /Users/apple/.rvm/gems/ruby-2.3.1/gems/activerecord-5.2.0/lib/active_record/log_subscriber.rb:98
  [1m[36mUser Update (1.1ms)[0m  [1m[33mUPDATE "users" SET "sign_in_count" = $1, "current_sign_in_at" = $2, "last_sign_in_at" = $3, "current_sign_in_ip" = $4, "last_sign_in_ip" = $5, "updated_at" = $6 WHERE "users"."id" = $7[0m  [["sign_in_count", 1], ["current_sign_in_at", "2019-11-17 07:12:57.442451"], ["last_sign_in_at", "2019-11-17 07:12:57.442451"], ["current_sign_in_ip", "127.0.0.1/32"], ["last_sign_in_ip", "127.0.0.1/32"], ["updated_at", "2019-11-17 07:12:57.443414"], ["id", 1]]
  ↳ /Users/apple/.rvm/gems/ruby-2.3.1/gems/activerecord-5.2.0/lib/active_record/log_subscriber.rb:98
  [1m[35m (0.4ms)[0m  [1m[35mCOMMIT[0m
  ↳ /Users/apple/.rvm/gems/ruby-2.3.1/gems/activerecord-5.2.0/lib/active_record/log_subscriber.rb:98
Redirected to http://127.0.0.1:3000/
Completed 302 Found in 246ms (ActiveRecord: 14.5ms)


Started GET "/" for 127.0.0.1 at 2019-11-17 15:12:57 +0800
Processing by PostsController#index as HTML
  [1m[36mUser Load (0.6ms)[0m  [1m[34mSELECT  "users".* FROM "users" WHERE "users"."id" = $1 ORDER BY "users"."id" ASC LIMIT $2[0m  [["id", 1], ["LIMIT", 1]]
  ↳ /Users/apple/.rvm/gems/ruby-2.3.1/gems/activerecord-5.2.0/lib/active_record/log_subscriber.rb:98
  [1m[35m (1.6ms)[0m  [1m[34mSELECT "users"."id" FROM "users" INNER JOIN "requests" ON "users"."id" = "requests"."requestee_id" WHERE "requests"."requester_id" = $1 AND "requests"."accepted" = $2[0m  [["requester_id", 1], ["accepted", 1]]
  ↳ app/models/post.rb:14
  Rendering posts/index.html.erb within layouts/application
  [1m[36mProfile Load (0.5ms)[0m  [1m[34mSELECT  "profiles".* FROM "profiles" WHERE "profiles"."user_id" = $1 LIMIT $2[0m  [["user_id", 1], ["LIMIT", 1]]
  ↳ app/views/posts/index.html.erb:10
  [1m[36mPost Load (1.9ms)[0m  [1m[34mSELECT  "posts".* FROM "posts" WHERE (user_id IN (NULL) OR user_id = 1) ORDER BY "posts"."created_at" DESC, "posts"."created_at" ASC LIMIT $1 OFFSET $2[0m  [["LIMIT", 5], ["OFFSET", 0]]
  ↳ app/views/posts/index.html.erb:29
  Rendered posts/index.html.erb within layouts/application (13.8ms)
  [1m[35m (0.8ms)[0m  [1m[34mSELECT COUNT(*) FROM "requests" WHERE "requests"."requestee_id" = $1 AND "requests"."accepted" = $2[0m  [["requestee_id", 1], ["accepted", 0]]
  ↳ app/views/layouts/application.html.erb:34
Completed 200 OK in 142ms (Views: 76.9ms | ActiveRecord: 12.4ms)


Started GET "/profiles/1" for 127.0.0.1 at 2019-11-17 15:13:01 +0800
Processing by ProfilesController#show as HTML
  Parameters: {"id"=>"1"}
  [1m[36mUser Load (0.5ms)[0m  [1m[34mSELECT  "users".* FROM "users" WHERE "users"."id" = $1 ORDER BY "users"."id" ASC LIMIT $2[0m  [["id", 1], ["LIMIT", 1]]
  ↳ /Users/apple/.rvm/gems/ruby-2.3.1/gems/activerecord-5.2.0/lib/active_record/log_subscriber.rb:98
  [1m[36mProfile Load (0.4ms)[0m  [1m[34mSELECT  "profiles".* FROM "profiles" WHERE "profiles"."id" = $1 LIMIT $2[0m  [["id", 1], ["LIMIT", 1]]
  ↳ app/controllers/profiles_controller.rb:4
  [1m[36mUser Load (0.4ms)[0m  [1m[34mSELECT  "users".* FROM "users" WHERE "users"."id" = $1 LIMIT $2[0m  [["id", 1], ["LIMIT", 1]]
  ↳ app/controllers/profiles_controller.rb:5
  Rendering profiles/show.html.erb within layouts/application
  [1m[36mProfile Load (0.4ms)[0m  [1m[34mSELECT  "profiles".* FROM "profiles" WHERE "profiles"."user_id" = $1 LIMIT $2[0m  [["user_id", 1], ["LIMIT", 1]]
  ↳ app/views/profiles/show.html.erb:31
  [1m[35m (0.6ms)[0m  [1m[34mSELECT COUNT(*) FROM "users" INNER JOIN "requests" ON "users"."id" = "requests"."requestee_id" WHERE "requests"."requester_id" = $1 AND "requests"."accepted" = $2[0m  [["requester_id", 1], ["accepted", 1]]
  ↳ app/views/profiles/show.html.erb:60
  [1m[35m (0.5ms)[0m  [1m[34mSELECT COUNT(*) FROM (SELECT  1 AS one FROM "posts" WHERE "posts"."user_id" = $1 ORDER BY "posts"."created_at" DESC LIMIT $2 OFFSET $3) subquery_for_count[0m  [["user_id", 1], ["LIMIT", 5], ["OFFSET", 0]]
  ↳ app/views/profiles/show.html.erb:79
  Rendered profiles/show.html.erb within layouts/application (11.8ms)
  [1m[35m (0.6ms)[0m  [1m[34mSELECT COUNT(*) FROM "requests" WHERE "requests"."requestee_id" = $1 AND "requests"."accepted" = $2[0m  [["requestee_id", 1], ["accepted", 0]]
  ↳ app/views/layouts/application.html.erb:34
Completed 200 OK in 86ms (Views: 68.2ms | ActiveRecord: 3.4ms)


Started GET "/profiles/1/edit" for 127.0.0.1 at 2019-11-17 15:13:02 +0800
Processing by ProfilesController#edit as HTML
  Parameters: {"id"=>"1"}
  [1m[36mUser Load (1.7ms)[0m  [1m[34mSELECT  "users".* FROM "users" WHERE "users"."id" = $1 ORDER BY "users"."id" ASC LIMIT $2[0m  [["id", 1], ["LIMIT", 1]]
  ↳ /Users/apple/.rvm/gems/ruby-2.3.1/gems/activerecord-5.2.0/lib/active_record/log_subscriber.rb:98
  [1m[36mProfile Load (0.4ms)[0m  [1m[34mSELECT  "profiles".* FROM "profiles" WHERE "profiles"."user_id" = $1 LIMIT $2[0m  [["user_id", 1], ["LIMIT", 1]]
  ↳ app/controllers/profiles_controller.rb:10
  Rendering profiles/edit.html.erb within layouts/application
  Rendered profiles/edit.html.erb within layouts/application (11.3ms)
  [1m[35m (0.5ms)[0m  [1m[34mSELECT COUNT(*) FROM "requests" WHERE "requests"."requestee_id" = $1 AND "requests"."accepted" = $2[0m  [["requestee_id", 1], ["accepted", 0]]
  ↳ app/views/layouts/application.html.erb:34
Completed 200 OK in 73ms (Views: 62.2ms | ActiveRecord: 2.5ms)


Started GET "/" for 127.0.0.1 at 2019-11-17 15:13:12 +0800
Processing by PostsController#index as HTML
  [1m[36mUser Load (0.9ms)[0m  [1m[34mSELECT  "users".* FROM "users" WHERE "users"."id" = $1 ORDER BY "users"."id" ASC LIMIT $2[0m  [["id", 1], ["LIMIT", 1]]
  ↳ /Users/apple/.rvm/gems/ruby-2.3.1/gems/activerecord-5.2.0/lib/active_record/log_subscriber.rb:98
  [1m[35m (0.9ms)[0m  [1m[34mSELECT "users"."id" FROM "users" INNER JOIN "requests" ON "users"."id" = "requests"."requestee_id" WHERE "requests"."requester_id" = $1 AND "requests"."accepted" = $2[0m  [["requester_id", 1], ["accepted", 1]]
  ↳ app/models/post.rb:14
  Rendering posts/index.html.erb within layouts/application
  [1m[36mProfile Load (0.8ms)[0m  [1m[34mSELECT  "profiles".* FROM "profiles" WHERE "profiles"."user_id" = $1 LIMIT $2[0m  [["user_id", 1], ["LIMIT", 1]]
  ↳ app/views/posts/index.html.erb:10
  [1m[36mPost Load (0.5ms)[0m  [1m[34mSELECT  "posts".* FROM "posts" WHERE (user_id IN (NULL) OR user_id = 1) ORDER BY "posts"."created_at" DESC, "posts"."created_at" ASC LIMIT $1 OFFSET $2[0m  [["LIMIT", 5], ["OFFSET", 0]]
  ↳ app/views/posts/index.html.erb:29
  Rendered posts/index.html.erb within layouts/application (16.1ms)
  [1m[35m (0.4ms)[0m  [1m[34mSELECT COUNT(*) FROM "requests" WHERE "requests"."requestee_id" = $1 AND "requests"."accepted" = $2[0m  [["requestee_id", 1], ["accepted", 0]]
  ↳ app/views/layouts/application.html.erb:34
Completed 200 OK in 83ms (Views: 66.2ms | ActiveRecord: 3.6ms)


Started GET "/users/edit.1" for 127.0.0.1 at 2019-11-17 15:13:15 +0800
Processing by Devise::RegistrationsController#edit as 
  [1m[36mUser Load (0.6ms)[0m  [1m[34mSELECT  "users".* FROM "users" WHERE "users"."id" = $1 ORDER BY "users"."id" ASC LIMIT $2[0m  [["id", 1], ["LIMIT", 1]]
  ↳ /Users/apple/.rvm/gems/ruby-2.3.1/gems/activerecord-5.2.0/lib/active_record/log_subscriber.rb:98
  Rendering devise/registrations/edit.html.erb within layouts/application
  Rendered devise/registrations/edit.html.erb within layouts/application (5.0ms)
  [1m[36mProfile Load (0.4ms)[0m  [1m[34mSELECT  "profiles".* FROM "profiles" WHERE "profiles"."user_id" = $1 LIMIT $2[0m  [["user_id", 1], ["LIMIT", 1]]
  ↳ app/views/layouts/application.html.erb:26
  [1m[35m (0.5ms)[0m  [1m[34mSELECT COUNT(*) FROM "requests" WHERE "requests"."requestee_id" = $1 AND "requests"."accepted" = $2[0m  [["requestee_id", 1], ["accepted", 0]]
  ↳ app/views/layouts/application.html.erb:34
Completed 200 OK in 91ms (Views: 86.4ms | ActiveRecord: 1.6ms)


Started GET "/" for 127.0.0.1 at 2019-11-17 15:13:18 +0800
Processing by PostsController#index as HTML
  [1m[36mUser Load (0.4ms)[0m  [1m[34mSELECT  "users".* FROM "users" WHERE "users"."id" = $1 ORDER BY "users"."id" ASC LIMIT $2[0m  [["id", 1], ["LIMIT", 1]]
  ↳ /Users/apple/.rvm/gems/ruby-2.3.1/gems/activerecord-5.2.0/lib/active_record/log_subscriber.rb:98
  [1m[35m (0.8ms)[0m  [1m[34mSELECT "users"."id" FROM "users" INNER JOIN "requests" ON "users"."id" = "requests"."requestee_id" WHERE "requests"."requester_id" = $1 AND "requests"."accepted" = $2[0m  [["requester_id", 1], ["accepted", 1]]
  ↳ app/models/post.rb:14
  Rendering posts/index.html.erb within layouts/application
  [1m[36mProfile Load (0.4ms)[0m  [1m[34mSELECT  "profiles".* FROM "profiles" WHERE "profiles"."user_id" = $1 LIMIT $2[0m  [["user_id", 1], ["LIMIT", 1]]
  ↳ app/views/posts/index.html.erb:10
  [1m[36mPost Load (0.5ms)[0m  [1m[34mSELECT  "posts".* FROM "posts" WHERE (user_id IN (NULL) OR user_id = 1) ORDER BY "posts"."created_at" DESC, "posts"."created_at" ASC LIMIT $1 OFFSET $2[0m  [["LIMIT", 5], ["OFFSET", 0]]
  ↳ app/views/posts/index.html.erb:29
  Rendered posts/index.html.erb within layouts/application (6.7ms)
  [1m[35m (0.5ms)[0m  [1m[34mSELECT COUNT(*) FROM "requests" WHERE "requests"."requestee_id" = $1 AND "requests"."accepted" = $2[0m  [["requestee_id", 1], ["accepted", 0]]
  ↳ app/views/layouts/application.html.erb:34
Completed 200 OK in 72ms (Views: 58.9ms | ActiveRecord: 2.6ms)


Started GET "/profiles/1" for 127.0.0.1 at 2019-11-17 15:13:19 +0800
Processing by ProfilesController#show as HTML
  Parameters: {"id"=>"1"}
  [1m[36mUser Load (0.6ms)[0m  [1m[34mSELECT  "users".* FROM "users" WHERE "users"."id" = $1 ORDER BY "users"."id" ASC LIMIT $2[0m  [["id", 1], ["LIMIT", 1]]
  ↳ /Users/apple/.rvm/gems/ruby-2.3.1/gems/activerecord-5.2.0/lib/active_record/log_subscriber.rb:98
  [1m[36mProfile Load (0.6ms)[0m  [1m[34mSELECT  "profiles".* FROM "profiles" WHERE "profiles"."id" = $1 LIMIT $2[0m  [["id", 1], ["LIMIT", 1]]
  ↳ app/controllers/profiles_controller.rb:4
  [1m[36mUser Load (0.7ms)[0m  [1m[34mSELECT  "users".* FROM "users" WHERE "users"."id" = $1 LIMIT $2[0m  [["id", 1], ["LIMIT", 1]]
  ↳ app/controllers/profiles_controller.rb:5
  Rendering profiles/show.html.erb within layouts/application
  [1m[36mProfile Load (0.4ms)[0m  [1m[34mSELECT  "profiles".* FROM "profiles" WHERE "profiles"."user_id" = $1 LIMIT $2[0m  [["user_id", 1], ["LIMIT", 1]]
  ↳ app/views/profiles/show.html.erb:31
  [1m[35m (0.6ms)[0m  [1m[34mSELECT COUNT(*) FROM "users" INNER JOIN "requests" ON "users"."id" = "requests"."requestee_id" WHERE "requests"."requester_id" = $1 AND "requests"."accepted" = $2[0m  [["requester_id", 1], ["accepted", 1]]
  ↳ app/views/profiles/show.html.erb:60
  [1m[35m (0.4ms)[0m  [1m[34mSELECT COUNT(*) FROM (SELECT  1 AS one FROM "posts" WHERE "posts"."user_id" = $1 ORDER BY "posts"."created_at" DESC LIMIT $2 OFFSET $3) subquery_for_count[0m  [["user_id", 1], ["LIMIT", 5], ["OFFSET", 0]]
  ↳ app/views/profiles/show.html.erb:79
  Rendered profiles/show.html.erb within layouts/application (7.8ms)
  [1m[35m (0.4ms)[0m  [1m[34mSELECT COUNT(*) FROM "requests" WHERE "requests"."requestee_id" = $1 AND "requests"."accepted" = $2[0m  [["requestee_id", 1], ["accepted", 0]]
  ↳ app/views/layouts/application.html.erb:34
Completed 200 OK in 66ms (Views: 51.6ms | ActiveRecord: 3.6ms)


Started GET "/users/index" for 127.0.0.1 at 2019-11-17 15:13:21 +0800
Processing by UsersController#index as HTML
  [1m[36mUser Load (0.7ms)[0m  [1m[34mSELECT  "users".* FROM "users" WHERE "users"."id" = $1 ORDER BY "users"."id" ASC LIMIT $2[0m  [["id", 1], ["LIMIT", 1]]
  ↳ /Users/apple/.rvm/gems/ruby-2.3.1/gems/activerecord-5.2.0/lib/active_record/log_subscriber.rb:98
  Rendering users/index.html.erb within layouts/application
  [1m[36mUser Load (0.5ms)[0m  [1m[34mSELECT  "users".* FROM "users" WHERE (id != 1) LIMIT $1 OFFSET $2[0m  [["LIMIT", 12], ["OFFSET", 0]]
  ↳ app/views/users/index.html.erb:6
  Rendered users/index.html.erb within layouts/application (2.2ms)
  [1m[36mProfile Load (0.4ms)[0m  [1m[34mSELECT  "profiles".* FROM "profiles" WHERE "profiles"."user_id" = $1 LIMIT $2[0m  [["user_id", 1], ["LIMIT", 1]]
  ↳ app/views/layouts/application.html.erb:26
  [1m[35m (0.4ms)[0m  [1m[34mSELECT COUNT(*) FROM "requests" WHERE "requests"."requestee_id" = $1 AND "requests"."accepted" = $2[0m  [["requestee_id", 1], ["accepted", 0]]
  ↳ app/views/layouts/application.html.erb:34
Completed 200 OK in 63ms (Views: 54.7ms | ActiveRecord: 2.0ms)


Started GET "/users/index" for 127.0.0.1 at 2019-11-17 15:13:23 +0800
Processing by UsersController#index as HTML
  [1m[36mUser Load (1.8ms)[0m  [1m[34mSELECT  "users".* FROM "users" WHERE "users"."id" = $1 ORDER BY "users"."id" ASC LIMIT $2[0m  [["id", 1], ["LIMIT", 1]]
  ↳ /Users/apple/.rvm/gems/ruby-2.3.1/gems/activerecord-5.2.0/lib/active_record/log_subscriber.rb:98
  Rendering users/index.html.erb within layouts/application
  [1m[36mUser Load (0.5ms)[0m  [1m[34mSELECT  "users".* FROM "users" WHERE (id != 1) LIMIT $1 OFFSET $2[0m  [["LIMIT", 12], ["OFFSET", 0]]
  ↳ app/views/users/index.html.erb:6
  Rendered users/index.html.erb within layouts/application (2.5ms)
  [1m[36mProfile Load (0.5ms)[0m  [1m[34mSELECT  "profiles".* FROM "profiles" WHERE "profiles"."user_id" = $1 LIMIT $2[0m  [["user_id", 1], ["LIMIT", 1]]
  ↳ app/views/layouts/application.html.erb:26
  [1m[35m (0.4ms)[0m  [1m[34mSELECT COUNT(*) FROM "requests" WHERE "requests"."requestee_id" = $1 AND "requests"."accepted" = $2[0m  [["requestee_id", 1], ["accepted", 0]]
  ↳ app/views/layouts/application.html.erb:34
Completed 200 OK in 67ms (Views: 56.5ms | ActiveRecord: 3.1ms)


Started GET "/users/index" for 127.0.0.1 at 2019-11-17 15:13:26 +0800
Processing by UsersController#index as HTML
  [1m[36mUser Load (0.6ms)[0m  [1m[34mSELECT  "users".* FROM "users" WHERE "users"."id" = $1 ORDER BY "users"."id" ASC LIMIT $2[0m  [["id", 1], ["LIMIT", 1]]
  ↳ /Users/apple/.rvm/gems/ruby-2.3.1/gems/activerecord-5.2.0/lib/active_record/log_subscriber.rb:98
  Rendering users/index.html.erb within layouts/application
  [1m[36mUser Load (0.4ms)[0m  [1m[34mSELECT  "users".* FROM "users" WHERE (id != 1) LIMIT $1 OFFSET $2[0m  [["LIMIT", 12], ["OFFSET", 0]]
  ↳ app/views/users/index.html.erb:6
  Rendered users/index.html.erb within layouts/application (2.1ms)
  [1m[36mProfile Load (0.4ms)[0m  [1m[34mSELECT  "profiles".* FROM "profiles" WHERE "profiles"."user_id" = $1 LIMIT $2[0m  [["user_id", 1], ["LIMIT", 1]]
  ↳ app/views/layouts/application.html.erb:26
  [1m[35m (0.4ms)[0m  [1m[34mSELECT COUNT(*) FROM "requests" WHERE "requests"."requestee_id" = $1 AND "requests"."accepted" = $2[0m  [["requestee_id", 1], ["accepted", 0]]
  ↳ app/views/layouts/application.html.erb:34
Completed 200 OK in 53ms (Views: 47.0ms | ActiveRecord: 1.8ms)


Started GET "/profiles/1" for 127.0.0.1 at 2019-11-17 15:13:27 +0800
Processing by ProfilesController#show as HTML
  Parameters: {"id"=>"1"}
  [1m[36mUser Load (0.5ms)[0m  [1m[34mSELECT  "users".* FROM "users" WHERE "users"."id" = $1 ORDER BY "users"."id" ASC LIMIT $2[0m  [["id", 1], ["LIMIT", 1]]
  ↳ /Users/apple/.rvm/gems/ruby-2.3.1/gems/activerecord-5.2.0/lib/active_record/log_subscriber.rb:98
  [1m[36mProfile Load (0.5ms)[0m  [1m[34mSELECT  "profiles".* FROM "profiles" WHERE "profiles"."id" = $1 LIMIT $2[0m  [["id", 1], ["LIMIT", 1]]
  ↳ app/controllers/profiles_controller.rb:4
  [1m[36mUser Load (0.6ms)[0m  [1m[34mSELECT  "users".* FROM "users" WHERE "users"."id" = $1 LIMIT $2[0m  [["id", 1], ["LIMIT", 1]]
  ↳ app/controllers/profiles_controller.rb:5
  Rendering profiles/show.html.erb within layouts/application
  [1m[36mProfile Load (0.3ms)[0m  [1m[34mSELECT  "profiles".* FROM "profiles" WHERE "profiles"."user_id" = $1 LIMIT $2[0m  [["user_id", 1], ["LIMIT", 1]]
  ↳ app/views/profiles/show.html.erb:31
  [1m[35m (0.5ms)[0m  [1m[34mSELECT COUNT(*) FROM "users" INNER JOIN "requests" ON "users"."id" = "requests"."requestee_id" WHERE "requests"."requester_id" = $1 AND "requests"."accepted" = $2[0m  [["requester_id", 1], ["accepted", 1]]
  ↳ app/views/profiles/show.html.erb:60
  [1m[35m (0.5ms)[0m  [1m[34mSELECT COUNT(*) FROM (SELECT  1 AS one FROM "posts" WHERE "posts"."user_id" = $1 ORDER BY "posts"."created_at" DESC LIMIT $2 OFFSET $3) subquery_for_count[0m  [["user_id", 1], ["LIMIT", 5], ["OFFSET", 0]]
  ↳ app/views/profiles/show.html.erb:79
  Rendered profiles/show.html.erb within layouts/application (11.0ms)
  [1m[35m (0.4ms)[0m  [1m[34mSELECT COUNT(*) FROM "requests" WHERE "requests"."requestee_id" = $1 AND "requests"."accepted" = $2[0m  [["requestee_id", 1], ["accepted", 0]]
  ↳ app/views/layouts/application.html.erb:34
Completed 200 OK in 82ms (Views: 66.2ms | ActiveRecord: 3.3ms)


Started GET "/users/index" for 127.0.0.1 at 2019-11-17 15:13:28 +0800
Processing by UsersController#index as HTML
  [1m[36mUser Load (0.7ms)[0m  [1m[34mSELECT  "users".* FROM "users" WHERE "users"."id" = $1 ORDER BY "users"."id" ASC LIMIT $2[0m  [["id", 1], ["LIMIT", 1]]
  ↳ /Users/apple/.rvm/gems/ruby-2.3.1/gems/activerecord-5.2.0/lib/active_record/log_subscriber.rb:98
  Rendering users/index.html.erb within layouts/application
  [1m[36mUser Load (0.4ms)[0m  [1m[34mSELECT  "users".* FROM "users" WHERE (id != 1) LIMIT $1 OFFSET $2[0m  [["LIMIT", 12], ["OFFSET", 0]]
  ↳ app/views/users/index.html.erb:6
  Rendered users/index.html.erb within layouts/application (2.6ms)
  [1m[36mProfile Load (0.4ms)[0m  [1m[34mSELECT  "profiles".* FROM "profiles" WHERE "profiles"."user_id" = $1 LIMIT $2[0m  [["user_id", 1], ["LIMIT", 1]]
  ↳ app/views/layouts/application.html.erb:26
  [1m[35m (0.5ms)[0m  [1m[34mSELECT COUNT(*) FROM "requests" WHERE "requests"."requestee_id" = $1 AND "requests"."accepted" = $2[0m  [["requestee_id", 1], ["accepted", 0]]
  ↳ app/views/layouts/application.html.erb:34
Completed 200 OK in 72ms (Views: 62.0ms | ActiveRecord: 2.0ms)


Started GET "/users/index" for 127.0.0.1 at 2019-11-17 15:13:37 +0800
Processing by UsersController#index as HTML
  [1m[36mUser Load (0.6ms)[0m  [1m[34mSELECT  "users".* FROM "users" WHERE "users"."id" = $1 ORDER BY "users"."id" ASC LIMIT $2[0m  [["id", 1], ["LIMIT", 1]]
  ↳ /Users/apple/.rvm/gems/ruby-2.3.1/gems/activerecord-5.2.0/lib/active_record/log_subscriber.rb:98
  Rendering users/index.html.erb within layouts/application
  [1m[36mUser Load (0.4ms)[0m  [1m[34mSELECT  "users".* FROM "users" WHERE (id != 1) LIMIT $1 OFFSET $2[0m  [["LIMIT", 12], ["OFFSET", 0]]
  ↳ app/views/users/index.html.erb:6
  Rendered users/index.html.erb within layouts/application (2.8ms)
  [1m[36mProfile Load (0.5ms)[0m  [1m[34mSELECT  "profiles".* FROM "profiles" WHERE "profiles"."user_id" = $1 LIMIT $2[0m  [["user_id", 1], ["LIMIT", 1]]
  ↳ app/views/layouts/application.html.erb:26
  [1m[35m (0.5ms)[0m  [1m[34mSELECT COUNT(*) FROM "requests" WHERE "requests"."requestee_id" = $1 AND "requests"."accepted" = $2[0m  [["requestee_id", 1], ["accepted", 0]]
  ↳ app/views/layouts/application.html.erb:34
Completed 200 OK in 56ms (Views: 47.3ms | ActiveRecord: 2.0ms)


Started DELETE "/users/sign_out" for 127.0.0.1 at 2019-11-17 15:13:38 +0800
Processing by Devise::SessionsController#destroy as HTML
  Parameters: {"authenticity_token"=>"Jyo3+jFtlqvKdzoAOrOia+RWBk46STPdzd9PqohqFVlj4E9bjtGzWjEo7cQzjLoyovr7P9uKONkDRkMmSj349g=="}
  [1m[36mUser Load (0.6ms)[0m  [1m[34mSELECT  "users".* FROM "users" WHERE "users"."id" = $1 ORDER BY "users"."id" ASC LIMIT $2[0m  [["id", 1], ["LIMIT", 1]]
  ↳ /Users/apple/.rvm/gems/ruby-2.3.1/gems/activerecord-5.2.0/lib/active_record/log_subscriber.rb:98
  [1m[35m (0.2ms)[0m  [1m[35mBEGIN[0m
  ↳ /Users/apple/.rvm/gems/ruby-2.3.1/gems/activerecord-5.2.0/lib/active_record/log_subscriber.rb:98
  [1m[35m (0.2ms)[0m  [1m[35mCOMMIT[0m
  ↳ /Users/apple/.rvm/gems/ruby-2.3.1/gems/activerecord-5.2.0/lib/active_record/log_subscriber.rb:98
Redirected to http://127.0.0.1:3000/
Completed 302 Found in 28ms (ActiveRecord: 1.1ms)


Started GET "/" for 127.0.0.1 at 2019-11-17 15:13:38 +0800
Processing by PostsController#index as HTML
Completed 401 Unauthorized in 1ms (ActiveRecord: 0.0ms)


Started GET "/users/sign_in" for 127.0.0.1 at 2019-11-17 15:13:38 +0800
Processing by Devise::SessionsController#new as HTML
  Rendering devise/sessions/new.html.erb within layouts/application
  Rendered devise/sessions/new.html.erb within layouts/application (1.7ms)
Completed 200 OK in 50ms (Views: 48.9ms | ActiveRecord: 0.0ms)


Started POST "/users/sign_in" for 127.0.0.1 at 2019-11-17 15:13:49 +0800
Processing by Devise::SessionsController#create as HTML
  Parameters: {"utf8"=>"✓", "authenticity_token"=>"KlDObRdrXXXt1H7cOgGCODCUuPoa67H7S+Pr5gUmJXMBf987p3b9iRMvdIN8zT58Pc6YzNuqaLhpcmRFKKWdVw==", "user"=>{"email"=>"picardxie@foxmail.com", "password"=>"[FILTERED]", "remember_me"=>"1"}, "commit"=>"Log in"}
  [1m[36mUser Load (1.4ms)[0m  [1m[34mSELECT  "users".* FROM "users" WHERE "users"."email" = $1 ORDER BY "users"."id" ASC LIMIT $2[0m  [["email", "picardxie@foxmail.com"], ["LIMIT", 1]]
  ↳ /Users/apple/.rvm/gems/ruby-2.3.1/gems/activerecord-5.2.0/lib/active_record/log_subscriber.rb:98
  [1m[35m (0.2ms)[0m  [1m[35mBEGIN[0m
  ↳ /Users/apple/.rvm/gems/ruby-2.3.1/gems/activerecord-5.2.0/lib/active_record/log_subscriber.rb:98
  [1m[36mUser Update (0.4ms)[0m  [1m[33mUPDATE "users" SET "remember_created_at" = $1, "updated_at" = $2 WHERE "users"."id" = $3[0m  [["remember_created_at", "2019-11-17 07:13:49.280048"], ["updated_at", "2019-11-17 07:13:49.281038"], ["id", 1]]
  ↳ /Users/apple/.rvm/gems/ruby-2.3.1/gems/activerecord-5.2.0/lib/active_record/log_subscriber.rb:98
  [1m[35m (1.3ms)[0m  [1m[35mCOMMIT[0m
  ↳ /Users/apple/.rvm/gems/ruby-2.3.1/gems/activerecord-5.2.0/lib/active_record/log_subscriber.rb:98
  [1m[35m (0.2ms)[0m  [1m[35mBEGIN[0m
  ↳ /Users/apple/.rvm/gems/ruby-2.3.1/gems/activerecord-5.2.0/lib/active_record/log_subscriber.rb:98
  [1m[36mUser Update (0.7ms)[0m  [1m[33mUPDATE "users" SET "sign_in_count" = $1, "current_sign_in_at" = $2, "updated_at" = $3 WHERE "users"."id" = $4[0m  [["sign_in_count", 2], ["current_sign_in_at", "2019-11-17 07:13:49.287379"], ["updated_at", "2019-11-17 07:13:49.288352"], ["id", 1]]
  ↳ /Users/apple/.rvm/gems/ruby-2.3.1/gems/activerecord-5.2.0/lib/active_record/log_subscriber.rb:98
  [1m[35m (0.6ms)[0m  [1m[35mCOMMIT[0m
  ↳ /Users/apple/.rvm/gems/ruby-2.3.1/gems/activerecord-5.2.0/lib/active_record/log_subscriber.rb:98
Redirected to http://127.0.0.1:3000/
Completed 302 Found in 161ms (ActiveRecord: 4.8ms)


Started GET "/" for 127.0.0.1 at 2019-11-17 15:13:49 +0800
Processing by PostsController#index as HTML
  [1m[36mUser Load (0.5ms)[0m  [1m[34mSELECT  "users".* FROM "users" WHERE "users"."id" = $1 ORDER BY "users"."id" ASC LIMIT $2[0m  [["id", 1], ["LIMIT", 1]]
  ↳ /Users/apple/.rvm/gems/ruby-2.3.1/gems/activerecord-5.2.0/lib/active_record/log_subscriber.rb:98
  [1m[35m (0.7ms)[0m  [1m[34mSELECT "users"."id" FROM "users" INNER JOIN "requests" ON "users"."id" = "requests"."requestee_id" WHERE "requests"."requester_id" = $1 AND "requests"."accepted" = $2[0m  [["requester_id", 1], ["accepted", 1]]
  ↳ app/models/post.rb:14
  Rendering posts/index.html.erb within layouts/application
  [1m[36mProfile Load (0.3ms)[0m  [1m[34mSELECT  "profiles".* FROM "profiles" WHERE "profiles"."user_id" = $1 LIMIT $2[0m  [["user_id", 1], ["LIMIT", 1]]
  ↳ app/views/posts/index.html.erb:10
  [1m[36mPost Load (0.5ms)[0m  [1m[34mSELECT  "posts".* FROM "posts" WHERE (user_id IN (NULL) OR user_id = 1) ORDER BY "posts"."created_at" DESC, "posts"."created_at" ASC LIMIT $1 OFFSET $2[0m  [["LIMIT", 5], ["OFFSET", 0]]
  ↳ app/views/posts/index.html.erb:29
  Rendered posts/index.html.erb within layouts/application (6.8ms)
  [1m[35m (0.6ms)[0m  [1m[34mSELECT COUNT(*) FROM "requests" WHERE "requests"."requestee_id" = $1 AND "requests"."accepted" = $2[0m  [["requestee_id", 1], ["accepted", 0]]
  ↳ app/views/layouts/application.html.erb:34
Completed 200 OK in 63ms (Views: 53.0ms | ActiveRecord: 2.5ms)


Started DELETE "/users/sign_out" for 127.0.0.1 at 2019-11-17 15:13:53 +0800
Processing by Devise::SessionsController#destroy as HTML
  Parameters: {"authenticity_token"=>"FNMiIs95IHgQasY0QESAbk9SCJeLvaJg/fsS9Nvi7PGKezOWywfDSeimRy77Ayv0VPEgTLeEl49PH9BrgfHsWw=="}
  [1m[36mUser Load (0.6ms)[0m  [1m[34mSELECT  "users".* FROM "users" WHERE "users"."id" = $1 ORDER BY "users"."id" ASC LIMIT $2[0m  [["id", 1], ["LIMIT", 1]]
  ↳ /Users/apple/.rvm/gems/ruby-2.3.1/gems/activerecord-5.2.0/lib/active_record/log_subscriber.rb:98
  [1m[35m (0.3ms)[0m  [1m[35mBEGIN[0m
  ↳ /Users/apple/.rvm/gems/ruby-2.3.1/gems/activerecord-5.2.0/lib/active_record/log_subscriber.rb:98
  [1m[36mUser Update (0.7ms)[0m  [1m[33mUPDATE "users" SET "remember_created_at" = $1, "updated_at" = $2 WHERE "users"."id" = $3[0m  [["remember_created_at", nil], ["updated_at", "2019-11-17 07:13:53.190163"], ["id", 1]]
  ↳ /Users/apple/.rvm/gems/ruby-2.3.1/gems/activerecord-5.2.0/lib/active_record/log_subscriber.rb:98
  [1m[35m (0.5ms)[0m  [1m[35mCOMMIT[0m
  ↳ /Users/apple/.rvm/gems/ruby-2.3.1/gems/activerecord-5.2.0/lib/active_record/log_subscriber.rb:98
Redirected to http://127.0.0.1:3000/
Completed 302 Found in 13ms (ActiveRecord: 2.0ms)


Started GET "/" for 127.0.0.1 at 2019-11-17 15:13:53 +0800
Processing by PostsController#index as HTML
Completed 401 Unauthorized in 1ms (ActiveRecord: 0.0ms)


Started GET "/users/sign_in" for 127.0.0.1 at 2019-11-17 15:13:53 +0800
Processing by Devise::SessionsController#new as HTML
  Rendering devise/sessions/new.html.erb within layouts/application
  Rendered devise/sessions/new.html.erb within layouts/application (1.8ms)
Completed 200 OK in 51ms (Views: 49.2ms | ActiveRecord: 0.0ms)


Started GET "/users/sign_in" for 127.0.0.1 at 2019-11-17 15:13:55 +0800
Processing by Devise::SessionsController#new as HTML
  Rendering devise/sessions/new.html.erb within layouts/application
  Rendered devise/sessions/new.html.erb within layouts/application (2.1ms)
Completed 200 OK in 46ms (Views: 44.4ms | ActiveRecord: 0.0ms)


